#! /usr/local/bin/vvp
:ivl_version "12.0 (devel)" "(s20150603-1656-gc2dbf4e48)";
:ivl_delay_selection "TYPICAL";
:vpi_time_precision - 12;
:vpi_module "/usr/local/lib/ivl/system.vpi";
:vpi_module "/usr/local/lib/ivl/vhdl_sys.vpi";
:vpi_module "/usr/local/lib/ivl/vhdl_textio.vpi";
:vpi_module "/usr/local/lib/ivl/v2005_math.vpi";
:vpi_module "/usr/local/lib/ivl/va_math.vpi";
:vpi_module "/usr/local/lib/ivl/v2009.vpi";
S_0x55fe60e5e520 .scope package, "$unit" "$unit" 2 1;
 .timescale 0 0;
S_0x55fe60e36d20 .scope module, "tb" "tb" 3 4;
 .timescale -9 -12;
P_0x55fe60db7ce0 .param/l "index" 0 3 45, +C4<00000000000000000000000000001000>;
P_0x55fe60db7d20 .param/l "index_width" 0 3 46, +C4<00000000000000000000000000000011>;
P_0x55fe60db7d60 .param/l "width" 0 3 44, +C4<00000000000000000000000000000100>;
L_0x55fe60e9c290 .functor NOT 1, v0x55fe60e8eef0_0, C4<0>, C4<0>, C4<0>;
v0x55fe60e8eaa0_0 .array/port v0x55fe60e8eaa0, 0;
L_0x55fe60e9c390 .functor BUFZ 4, v0x55fe60e8eaa0_0, C4<0000>, C4<0000>, C4<0000>;
v0x55fe60e8eaa0_1 .array/port v0x55fe60e8eaa0, 1;
L_0x55fe60e9c400 .functor BUFZ 4, v0x55fe60e8eaa0_1, C4<0000>, C4<0000>, C4<0000>;
v0x55fe60e8eaa0_2 .array/port v0x55fe60e8eaa0, 2;
L_0x55fe60e9c470 .functor BUFZ 4, v0x55fe60e8eaa0_2, C4<0000>, C4<0000>, C4<0000>;
v0x55fe60e8eaa0_3 .array/port v0x55fe60e8eaa0, 3;
L_0x55fe60e9c4e0 .functor BUFZ 4, v0x55fe60e8eaa0_3, C4<0000>, C4<0000>, C4<0000>;
v0x55fe60e8eaa0_4 .array/port v0x55fe60e8eaa0, 4;
L_0x55fe60e9c550 .functor BUFZ 4, v0x55fe60e8eaa0_4, C4<0000>, C4<0000>, C4<0000>;
v0x55fe60e8eaa0_5 .array/port v0x55fe60e8eaa0, 5;
L_0x55fe60e9c600 .functor BUFZ 4, v0x55fe60e8eaa0_5, C4<0000>, C4<0000>, C4<0000>;
v0x55fe60e8eaa0_6 .array/port v0x55fe60e8eaa0, 6;
L_0x55fe60e9c670 .functor BUFZ 4, v0x55fe60e8eaa0_6, C4<0000>, C4<0000>, C4<0000>;
v0x55fe60e8eaa0_7 .array/port v0x55fe60e8eaa0, 7;
L_0x55fe60e9c730 .functor BUFZ 4, v0x55fe60e8eaa0_7, C4<0000>, C4<0000>, C4<0000>;
L_0x55fe60e9c7a0 .functor BUFZ 4, L_0x55fe60e9b470, C4<0000>, C4<0000>, C4<0000>;
L_0x55fe60e9c870 .functor BUFZ 4, L_0x55fe60e9b530, C4<0000>, C4<0000>, C4<0000>;
L_0x55fe60e9c8e0 .functor BUFZ 4, L_0x55fe60e9b790, C4<0000>, C4<0000>, C4<0000>;
L_0x55fe60e9ca10 .functor BUFZ 4, L_0x55fe60e9b850, C4<0000>, C4<0000>, C4<0000>;
L_0x55fe60e9cad0 .functor BUFZ 4, L_0x55fe60e9bac0, C4<0000>, C4<0000>, C4<0000>;
L_0x55fe60e9c9a0 .functor BUFZ 4, L_0x55fe60e9bb80, C4<0000>, C4<0000>, C4<0000>;
L_0x55fe60e9cc60 .functor BUFZ 4, L_0x55fe60e9be00, C4<0000>, C4<0000>, C4<0000>;
L_0x55fe60e9cdb0 .functor BUFZ 4, L_0x55fe60e9bec0, C4<0000>, C4<0000>, C4<0000>;
v0x55fe60e8e950_0 .var "clk", 0 0;
v0x55fe60e8eaa0 .array "indata", 7 0, 3 0;
v0x55fe60e8ec60 .array "outdata", 7 0;
v0x55fe60e8ec60_0 .net v0x55fe60e8ec60 0, 3 0, L_0x55fe60e9c7a0; 1 drivers
v0x55fe60e8ec60_1 .net v0x55fe60e8ec60 1, 3 0, L_0x55fe60e9c870; 1 drivers
v0x55fe60e8ec60_2 .net v0x55fe60e8ec60 2, 3 0, L_0x55fe60e9c8e0; 1 drivers
v0x55fe60e8ec60_3 .net v0x55fe60e8ec60 3, 3 0, L_0x55fe60e9ca10; 1 drivers
v0x55fe60e8ec60_4 .net v0x55fe60e8ec60 4, 3 0, L_0x55fe60e9cad0; 1 drivers
v0x55fe60e8ec60_5 .net v0x55fe60e8ec60 5, 3 0, L_0x55fe60e9c9a0; 1 drivers
v0x55fe60e8ec60_6 .net v0x55fe60e8ec60 6, 3 0, L_0x55fe60e9cc60; 1 drivers
v0x55fe60e8ec60_7 .net v0x55fe60e8ec60 7, 3 0, L_0x55fe60e9cdb0; 1 drivers
v0x55fe60e8ee50_0 .net "over", 0 0, L_0x55fe60e9c150;  1 drivers
v0x55fe60e8eef0_0 .var "rst_n", 0 0;
v0x55fe60e8efe0_0 .var "start", 0 0;
S_0x55fe60e38d00 .scope begin, "$ivl_for_loop0" "$ivl_for_loop0" 3 54, 3 54 0, S_0x55fe60e36d20;
 .timescale -9 -12;
v0x55fe60e03820_0 .var/2s "i", 31 0;
S_0x55fe60e743f0 .scope begin, "$ivl_for_loop1" "$ivl_for_loop1" 3 82, 3 82 0, S_0x55fe60e36d20;
 .timescale -9 -12;
v0x55fe60e03990_0 .var/2s "i", 31 0;
S_0x55fe60e74630 .scope module, "ht_u" "ht" 3 67, 4 4 0, S_0x55fe60e36d20;
 .timescale -9 -9;
    .port_info 0 /INPUT 1 "clk";
    .port_info 1 /INPUT 1 "rst";
    .port_info 2 /INPUT 1 "start";
    .port_info 3 /INPUT 32 "indata";
    .port_info 4 /OUTPUT 32 "outdata";
    .port_info 5 /OUTPUT 1 "over";
P_0x55fe60e74810 .param/l "index" 0 4 5, +C4<00000000000000000000000000001000>;
P_0x55fe60e74850 .param/l "index_width" 0 4 7, +C4<00000000000000000000000000000011>;
P_0x55fe60e74890 .param/l "width" 0 4 6, +C4<00000000000000000000000000000100>;
v0x55fe60e792a0_0 .array/port v0x55fe60e792a0, 0;
L_0x55fe60e94830 .functor BUFZ 4, v0x55fe60e792a0_0, C4<0000>, C4<0000>, C4<0000>;
v0x55fe60e792a0_1 .array/port v0x55fe60e792a0, 1;
L_0x55fe60e948f0 .functor BUFZ 4, v0x55fe60e792a0_1, C4<0000>, C4<0000>, C4<0000>;
v0x55fe60e792a0_2 .array/port v0x55fe60e792a0, 2;
L_0x55fe60e94a50 .functor BUFZ 4, v0x55fe60e792a0_2, C4<0000>, C4<0000>, C4<0000>;
v0x55fe60e792a0_3 .array/port v0x55fe60e792a0, 3;
L_0x55fe60e94b10 .functor BUFZ 4, v0x55fe60e792a0_3, C4<0000>, C4<0000>, C4<0000>;
v0x55fe60e792a0_4 .array/port v0x55fe60e792a0, 4;
L_0x55fe60e94c80 .functor BUFZ 4, v0x55fe60e792a0_4, C4<0000>, C4<0000>, C4<0000>;
v0x55fe60e792a0_5 .array/port v0x55fe60e792a0, 5;
L_0x55fe60e94d40 .functor BUFZ 4, v0x55fe60e792a0_5, C4<0000>, C4<0000>, C4<0000>;
v0x55fe60e792a0_6 .array/port v0x55fe60e792a0, 6;
L_0x55fe60e94ec0 .functor BUFZ 4, v0x55fe60e792a0_6, C4<0000>, C4<0000>, C4<0000>;
v0x55fe60e792a0_7 .array/port v0x55fe60e792a0, 7;
L_0x55fe60e94f80 .functor BUFZ 4, v0x55fe60e792a0_7, C4<0000>, C4<0000>, C4<0000>;
v0x55fe60e81380_0 .array/port v0x55fe60e81380, 0;
L_0x55fe60e9a140 .functor BUFZ 4, v0x55fe60e81380_0, C4<0000>, C4<0000>, C4<0000>;
v0x55fe60e81380_1 .array/port v0x55fe60e81380, 1;
L_0x55fe60e9a200 .functor BUFZ 4, v0x55fe60e81380_1, C4<0000>, C4<0000>, C4<0000>;
v0x55fe60e81380_2 .array/port v0x55fe60e81380, 2;
L_0x55fe60e9a3e0 .functor BUFZ 4, v0x55fe60e81380_2, C4<0000>, C4<0000>, C4<0000>;
v0x55fe60e81380_3 .array/port v0x55fe60e81380, 3;
L_0x55fe60e9a4a0 .functor BUFZ 4, v0x55fe60e81380_3, C4<0000>, C4<0000>, C4<0000>;
v0x55fe60e81380_4 .array/port v0x55fe60e81380, 4;
L_0x55fe60e9a2c0 .functor BUFZ 4, v0x55fe60e81380_4, C4<0000>, C4<0000>, C4<0000>;
v0x55fe60e81380_5 .array/port v0x55fe60e81380, 5;
L_0x55fe60e9a690 .functor BUFZ 4, v0x55fe60e81380_5, C4<0000>, C4<0000>, C4<0000>;
v0x55fe60e81380_6 .array/port v0x55fe60e81380, 6;
L_0x55fe60e9a840 .functor BUFZ 4, v0x55fe60e81380_6, C4<0000>, C4<0000>, C4<0000>;
v0x55fe60e81380_7 .array/port v0x55fe60e81380, 7;
L_0x55fe60e9a900 .functor BUFZ 4, v0x55fe60e81380_7, C4<0000>, C4<0000>, C4<0000>;
v0x55fe60e8cf60_0 .array/port v0x55fe60e8cf60, 0;
L_0x55fe60e9b470 .functor BUFZ 4, v0x55fe60e8cf60_0, C4<0000>, C4<0000>, C4<0000>;
v0x55fe60e8cf60_1 .array/port v0x55fe60e8cf60, 1;
L_0x55fe60e9b530 .functor BUFZ 4, v0x55fe60e8cf60_1, C4<0000>, C4<0000>, C4<0000>;
v0x55fe60e8cf60_2 .array/port v0x55fe60e8cf60, 2;
L_0x55fe60e9b790 .functor BUFZ 4, v0x55fe60e8cf60_2, C4<0000>, C4<0000>, C4<0000>;
v0x55fe60e8cf60_3 .array/port v0x55fe60e8cf60, 3;
L_0x55fe60e9b850 .functor BUFZ 4, v0x55fe60e8cf60_3, C4<0000>, C4<0000>, C4<0000>;
v0x55fe60e8cf60_4 .array/port v0x55fe60e8cf60, 4;
L_0x55fe60e9bac0 .functor BUFZ 4, v0x55fe60e8cf60_4, C4<0000>, C4<0000>, C4<0000>;
v0x55fe60e8cf60_5 .array/port v0x55fe60e8cf60, 5;
L_0x55fe60e9bb80 .functor BUFZ 4, v0x55fe60e8cf60_5, C4<0000>, C4<0000>, C4<0000>;
v0x55fe60e8cf60_6 .array/port v0x55fe60e8cf60, 6;
L_0x55fe60e9be00 .functor BUFZ 4, v0x55fe60e8cf60_6, C4<0000>, C4<0000>, C4<0000>;
v0x55fe60e8cf60_7 .array/port v0x55fe60e8cf60, 7;
L_0x55fe60e9bec0 .functor BUFZ 4, v0x55fe60e8cf60_7, C4<0000>, C4<0000>, C4<0000>;
v0x55fe60e8d9b0_0 .net "clk", 0 0, v0x55fe60e8e950_0;  1 drivers
v0x55fe60e8da50 .array "indata", 7 0;
v0x55fe60e8da50_0 .net v0x55fe60e8da50 0, 3 0, L_0x55fe60e9c390; 1 drivers
v0x55fe60e8da50_1 .net v0x55fe60e8da50 1, 3 0, L_0x55fe60e9c400; 1 drivers
v0x55fe60e8da50_2 .net v0x55fe60e8da50 2, 3 0, L_0x55fe60e9c470; 1 drivers
v0x55fe60e8da50_3 .net v0x55fe60e8da50 3, 3 0, L_0x55fe60e9c4e0; 1 drivers
v0x55fe60e8da50_4 .net v0x55fe60e8da50 4, 3 0, L_0x55fe60e9c550; 1 drivers
v0x55fe60e8da50_5 .net v0x55fe60e8da50 5, 3 0, L_0x55fe60e9c600; 1 drivers
v0x55fe60e8da50_6 .net v0x55fe60e8da50 6, 3 0, L_0x55fe60e9c670; 1 drivers
v0x55fe60e8da50_7 .net v0x55fe60e8da50 7, 3 0, L_0x55fe60e9c730; 1 drivers
v0x55fe60e8dc40 .array "indata_i", 7 0, 3 0;
v0x55fe60e8de30 .array "outdata", 7 0;
v0x55fe60e8de30_0 .net v0x55fe60e8de30 0, 3 0, L_0x55fe60e9b470; 1 drivers
v0x55fe60e8de30_1 .net v0x55fe60e8de30 1, 3 0, L_0x55fe60e9b530; 1 drivers
v0x55fe60e8de30_2 .net v0x55fe60e8de30 2, 3 0, L_0x55fe60e9b790; 1 drivers
v0x55fe60e8de30_3 .net v0x55fe60e8de30 3, 3 0, L_0x55fe60e9b850; 1 drivers
v0x55fe60e8de30_4 .net v0x55fe60e8de30 4, 3 0, L_0x55fe60e9bac0; 1 drivers
v0x55fe60e8de30_5 .net v0x55fe60e8de30 5, 3 0, L_0x55fe60e9bb80; 1 drivers
v0x55fe60e8de30_6 .net v0x55fe60e8de30 6, 3 0, L_0x55fe60e9be00; 1 drivers
v0x55fe60e8de30_7 .net v0x55fe60e8de30 7, 3 0, L_0x55fe60e9bec0; 1 drivers
v0x55fe60e8e040_0 .net "over", 0 0, L_0x55fe60e9c150;  alias, 1 drivers
v0x55fe60e8e150_0 .net "rst", 0 0, L_0x55fe60e9c290;  1 drivers
v0x55fe60e8e1f0_0 .net "start", 0 0, v0x55fe60e8efe0_0;  1 drivers
v0x55fe60e8e2b0 .array "step1_data", 7 0;
v0x55fe60e8e2b0_0 .net v0x55fe60e8e2b0 0, 3 0, v0x55fe60e792a0_0; 1 drivers
v0x55fe60e8e2b0_1 .net v0x55fe60e8e2b0 1, 3 0, v0x55fe60e792a0_1; 1 drivers
v0x55fe60e8e2b0_2 .net v0x55fe60e8e2b0 2, 3 0, v0x55fe60e792a0_2; 1 drivers
v0x55fe60e8e2b0_3 .net v0x55fe60e8e2b0 3, 3 0, v0x55fe60e792a0_3; 1 drivers
v0x55fe60e8e2b0_4 .net v0x55fe60e8e2b0 4, 3 0, v0x55fe60e792a0_4; 1 drivers
v0x55fe60e8e2b0_5 .net v0x55fe60e8e2b0 5, 3 0, v0x55fe60e792a0_5; 1 drivers
v0x55fe60e8e2b0_6 .net v0x55fe60e8e2b0 6, 3 0, v0x55fe60e792a0_6; 1 drivers
v0x55fe60e8e2b0_7 .net v0x55fe60e8e2b0 7, 3 0, v0x55fe60e792a0_7; 1 drivers
v0x55fe60e8e4c0 .array "step2_data", 7 0;
v0x55fe60e8e4c0_0 .net v0x55fe60e8e4c0 0, 3 0, v0x55fe60e81380_0; 1 drivers
v0x55fe60e8e4c0_1 .net v0x55fe60e8e4c0 1, 3 0, v0x55fe60e81380_1; 1 drivers
v0x55fe60e8e4c0_2 .net v0x55fe60e8e4c0 2, 3 0, v0x55fe60e81380_2; 1 drivers
v0x55fe60e8e4c0_3 .net v0x55fe60e8e4c0 3, 3 0, v0x55fe60e81380_3; 1 drivers
v0x55fe60e8e4c0_4 .net v0x55fe60e8e4c0 4, 3 0, v0x55fe60e81380_4; 1 drivers
v0x55fe60e8e4c0_5 .net v0x55fe60e8e4c0 5, 3 0, v0x55fe60e81380_5; 1 drivers
v0x55fe60e8e4c0_6 .net v0x55fe60e8e4c0 6, 3 0, v0x55fe60e81380_6; 1 drivers
v0x55fe60e8e4c0_7 .net v0x55fe60e8e4c0 7, 3 0, v0x55fe60e81380_7; 1 drivers
v0x55fe60e8e680 .array "step3_data", 7 0;
v0x55fe60e8e680_0 .net v0x55fe60e8e680 0, 3 0, v0x55fe60e8cf60_0; 1 drivers
v0x55fe60e8e680_1 .net v0x55fe60e8e680 1, 3 0, v0x55fe60e8cf60_1; 1 drivers
v0x55fe60e8e680_2 .net v0x55fe60e8e680 2, 3 0, v0x55fe60e8cf60_2; 1 drivers
v0x55fe60e8e680_3 .net v0x55fe60e8e680 3, 3 0, v0x55fe60e8cf60_3; 1 drivers
v0x55fe60e8e680_4 .net v0x55fe60e8e680 4, 3 0, v0x55fe60e8cf60_4; 1 drivers
v0x55fe60e8e680_5 .net v0x55fe60e8e680 5, 3 0, v0x55fe60e8cf60_5; 1 drivers
v0x55fe60e8e680_6 .net v0x55fe60e8e680 6, 3 0, v0x55fe60e8cf60_6; 1 drivers
v0x55fe60e8e680_7 .net v0x55fe60e8e680 7, 3 0, v0x55fe60e8cf60_7; 1 drivers
L_0x55fe60e9c150 .reduce/or L_0x55fe60e9bec0;
S_0x55fe60e74a30 .scope begin, "$ivl_for_loop2" "$ivl_for_loop2" 4 25, 4 25 0, S_0x55fe60e74630;
 .timescale -9 -9;
v0x55fe60dba010_0 .var/2s "i", 31 0;
S_0x55fe60e74c70 .scope begin, "$ivl_for_loop3" "$ivl_for_loop3" 4 30, 4 30 0, S_0x55fe60e74630;
 .timescale -9 -9;
v0x55fe60e5f940_0 .var/2s "j", 31 0;
S_0x55fe60e74eb0 .scope module, "step1_u" "step1" 4 42, 5 5 0, S_0x55fe60e74630;
 .timescale -9 -9;
    .port_info 0 /INPUT 1 "clk";
    .port_info 1 /INPUT 1 "rst";
    .port_info 2 /INPUT 32 "old_data";
    .port_info 3 /OUTPUT 32 "step1_data";
P_0x55fe60e750c0 .param/l "index" 0 5 7, +C4<00000000000000000000000000001000>;
P_0x55fe60e75100 .param/l "index_width" 0 5 8, +C4<00000000000000000000000000000011>;
P_0x55fe60e75140 .param/l "width" 0 5 6, +C4<00000000000000000000000000000100>;
v0x55fe60e78e90_0 .net "clk", 0 0, v0x55fe60e8e950_0;  alias, 1 drivers
v0x55fe60e8dc40_0 .array/port v0x55fe60e8dc40, 0;
v0x55fe60e78f70 .array "old_data", 7 0;
v0x55fe60e78f70_0 .net v0x55fe60e78f70 0, 3 0, v0x55fe60e8dc40_0; 1 drivers
v0x55fe60e8dc40_1 .array/port v0x55fe60e8dc40, 1;
v0x55fe60e78f70_1 .net v0x55fe60e78f70 1, 3 0, v0x55fe60e8dc40_1; 1 drivers
v0x55fe60e8dc40_2 .array/port v0x55fe60e8dc40, 2;
v0x55fe60e78f70_2 .net v0x55fe60e78f70 2, 3 0, v0x55fe60e8dc40_2; 1 drivers
v0x55fe60e8dc40_3 .array/port v0x55fe60e8dc40, 3;
v0x55fe60e78f70_3 .net v0x55fe60e78f70 3, 3 0, v0x55fe60e8dc40_3; 1 drivers
v0x55fe60e8dc40_4 .array/port v0x55fe60e8dc40, 4;
v0x55fe60e78f70_4 .net v0x55fe60e78f70 4, 3 0, v0x55fe60e8dc40_4; 1 drivers
v0x55fe60e8dc40_5 .array/port v0x55fe60e8dc40, 5;
v0x55fe60e78f70_5 .net v0x55fe60e78f70 5, 3 0, v0x55fe60e8dc40_5; 1 drivers
v0x55fe60e8dc40_6 .array/port v0x55fe60e8dc40, 6;
v0x55fe60e78f70_6 .net v0x55fe60e78f70 6, 3 0, v0x55fe60e8dc40_6; 1 drivers
v0x55fe60e8dc40_7 .array/port v0x55fe60e8dc40, 7;
v0x55fe60e78f70_7 .net v0x55fe60e78f70 7, 3 0, v0x55fe60e8dc40_7; 1 drivers
v0x55fe60e791d0_0 .net "rst", 0 0, L_0x55fe60e9c290;  alias, 1 drivers
v0x55fe60e792a0 .array "step1_data", 7 0, 3 0;
v0x55fe60e793b0 .array "step1_data_temp", 7 0;
v0x55fe60e793b0_0 .net v0x55fe60e793b0 0, 3 0, L_0x55fe60e8f2b0; 1 drivers
v0x55fe60e793b0_1 .net v0x55fe60e793b0 1, 3 0, L_0x55fe60e8f1c0; 1 drivers
v0x55fe60e793b0_2 .net v0x55fe60e793b0 2, 3 0, L_0x55fe60e8ffc0; 1 drivers
v0x55fe60e793b0_3 .net v0x55fe60e793b0 3, 3 0, L_0x55fe60e900b0; 1 drivers
v0x55fe60e793b0_4 .net v0x55fe60e793b0 4, 3 0, L_0x55fe60e8f9b0; 1 drivers
v0x55fe60e793b0_5 .net v0x55fe60e793b0 5, 3 0, L_0x55fe60e8f8c0; 1 drivers
v0x55fe60e793b0_6 .net v0x55fe60e793b0 6, 3 0, L_0x55fe60e906c0; 1 drivers
v0x55fe60e793b0_7 .net v0x55fe60e793b0 7, 3 0, L_0x55fe60e907b0; 1 drivers
E_0x55fe60ded200 .event posedge, v0x55fe60e78e90_0;
S_0x55fe60e75360 .scope begin, "$ivl_for_loop4" "$ivl_for_loop4" 5 49, 5 49 0, S_0x55fe60e74eb0;
 .timescale -9 -9;
v0x55fe60e5c440_0 .var/2s "i", 31 0;
S_0x55fe60e755c0 .scope begin, "$ivl_for_loop5" "$ivl_for_loop5" 5 54, 5 54 0, S_0x55fe60e74eb0;
 .timescale -9 -9;
v0x55fe60e422e0_0 .var/2s "j", 31 0;
S_0x55fe60e75800 .scope generate, "step_1_even[0]" "step_1_even[0]" 5 19, 5 19 0, S_0x55fe60e74eb0;
 .timescale -9 -9;
P_0x55fe60e75a30 .param/l "even" 1 5 19, +C4<00>;
S_0x55fe60e75af0 .scope module, "max_min_x1" "max_min" 5 22, 6 2 0, S_0x55fe60e75800;
 .timescale -9 -9;
    .port_info 0 /INPUT 4 "a";
    .port_info 1 /INPUT 4 "b";
    .port_info 2 /OUTPUT 4 "max";
    .port_info 3 /OUTPUT 4 "min";
P_0x55fe60e75cd0 .param/l "width" 0 6 3, +C4<00000000000000000000000000000100>;
v0x55fe60e75dd0_0 .net *"_ivl_5", 7 0, L_0x55fe60e8f3f0;  1 drivers
v0x55fe60e75ed0_0 .net *"_ivl_7", 7 0, L_0x55fe60e8f490;  1 drivers
v0x55fe60e75fb0_0 .net *"_ivl_9", 7 0, L_0x55fe60e8f650;  1 drivers
v0x55fe60e760a0_0 .net "a", 3 0, v0x55fe60e8dc40_0;  alias, 1 drivers
v0x55fe60e76180_0 .net "b", 3 0, v0x55fe60e8dc40_1;  alias, 1 drivers
v0x55fe60e762b0_0 .net "big", 0 0, L_0x55fe60e8f080;  1 drivers
v0x55fe60e76370_0 .net "max", 3 0, L_0x55fe60e8f1c0;  alias, 1 drivers
v0x55fe60e76450_0 .net "min", 3 0, L_0x55fe60e8f2b0;  alias, 1 drivers
L_0x55fe60e8f080 .cmp/ge 4, v0x55fe60e8dc40_0, v0x55fe60e8dc40_1;
L_0x55fe60e8f1c0 .part L_0x55fe60e8f650, 4, 4;
L_0x55fe60e8f2b0 .part L_0x55fe60e8f650, 0, 4;
L_0x55fe60e8f3f0 .concat [ 4 4 0 0], v0x55fe60e8dc40_1, v0x55fe60e8dc40_0;
L_0x55fe60e8f490 .concat [ 4 4 0 0], v0x55fe60e8dc40_0, v0x55fe60e8dc40_1;
L_0x55fe60e8f650 .functor MUXZ 8, L_0x55fe60e8f490, L_0x55fe60e8f3f0, L_0x55fe60e8f080, C4<>;
S_0x55fe60e765b0 .scope generate, "step_1_even[4]" "step_1_even[4]" 5 19, 5 19 0, S_0x55fe60e74eb0;
 .timescale -9 -9;
P_0x55fe60e767b0 .param/l "even" 1 5 19, +C4<0100>;
S_0x55fe60e76890 .scope module, "max_min_x1" "max_min" 5 22, 6 2 0, S_0x55fe60e765b0;
 .timescale -9 -9;
    .port_info 0 /INPUT 4 "a";
    .port_info 1 /INPUT 4 "b";
    .port_info 2 /OUTPUT 4 "max";
    .port_info 3 /OUTPUT 4 "min";
P_0x55fe60e76a70 .param/l "width" 0 6 3, +C4<00000000000000000000000000000100>;
v0x55fe60e76b40_0 .net *"_ivl_5", 7 0, L_0x55fe60e8faf0;  1 drivers
v0x55fe60e76c40_0 .net *"_ivl_7", 7 0, L_0x55fe60e8fb90;  1 drivers
v0x55fe60e76d20_0 .net *"_ivl_9", 7 0, L_0x55fe60e8fd50;  1 drivers
v0x55fe60e76e10_0 .net "a", 3 0, v0x55fe60e8dc40_4;  alias, 1 drivers
v0x55fe60e76ef0_0 .net "b", 3 0, v0x55fe60e8dc40_5;  alias, 1 drivers
v0x55fe60e77020_0 .net "big", 0 0, L_0x55fe60e8f780;  1 drivers
v0x55fe60e770e0_0 .net "max", 3 0, L_0x55fe60e8f8c0;  alias, 1 drivers
v0x55fe60e771c0_0 .net "min", 3 0, L_0x55fe60e8f9b0;  alias, 1 drivers
L_0x55fe60e8f780 .cmp/ge 4, v0x55fe60e8dc40_4, v0x55fe60e8dc40_5;
L_0x55fe60e8f8c0 .part L_0x55fe60e8fd50, 4, 4;
L_0x55fe60e8f9b0 .part L_0x55fe60e8fd50, 0, 4;
L_0x55fe60e8faf0 .concat [ 4 4 0 0], v0x55fe60e8dc40_5, v0x55fe60e8dc40_4;
L_0x55fe60e8fb90 .concat [ 4 4 0 0], v0x55fe60e8dc40_4, v0x55fe60e8dc40_5;
L_0x55fe60e8fd50 .functor MUXZ 8, L_0x55fe60e8fb90, L_0x55fe60e8faf0, L_0x55fe60e8f780, C4<>;
S_0x55fe60e77320 .scope generate, "step_1_odd[2]" "step_1_odd[2]" 5 33, 5 33 0, S_0x55fe60e74eb0;
 .timescale -9 -9;
P_0x55fe60e77570 .param/l "odd" 1 5 33, +C4<010>;
S_0x55fe60e77650 .scope module, "max_min_x2" "max_min" 5 36, 6 2 0, S_0x55fe60e77320;
 .timescale -9 -9;
    .port_info 0 /INPUT 4 "a";
    .port_info 1 /INPUT 4 "b";
    .port_info 2 /OUTPUT 4 "max";
    .port_info 3 /OUTPUT 4 "min";
P_0x55fe60e77830 .param/l "width" 0 6 3, +C4<00000000000000000000000000000100>;
v0x55fe60e778d0_0 .net *"_ivl_5", 7 0, L_0x55fe60e901f0;  1 drivers
v0x55fe60e779d0_0 .net *"_ivl_7", 7 0, L_0x55fe60e90290;  1 drivers
v0x55fe60e77ab0_0 .net *"_ivl_9", 7 0, L_0x55fe60e90450;  1 drivers
v0x55fe60e77ba0_0 .net "a", 3 0, v0x55fe60e8dc40_2;  alias, 1 drivers
v0x55fe60e77c80_0 .net "b", 3 0, v0x55fe60e8dc40_3;  alias, 1 drivers
v0x55fe60e77db0_0 .net "big", 0 0, L_0x55fe60e8fe80;  1 drivers
v0x55fe60e77e70_0 .net "max", 3 0, L_0x55fe60e8ffc0;  alias, 1 drivers
v0x55fe60e77f50_0 .net "min", 3 0, L_0x55fe60e900b0;  alias, 1 drivers
L_0x55fe60e8fe80 .cmp/ge 4, v0x55fe60e8dc40_2, v0x55fe60e8dc40_3;
L_0x55fe60e8ffc0 .part L_0x55fe60e90450, 4, 4;
L_0x55fe60e900b0 .part L_0x55fe60e90450, 0, 4;
L_0x55fe60e901f0 .concat [ 4 4 0 0], v0x55fe60e8dc40_3, v0x55fe60e8dc40_2;
L_0x55fe60e90290 .concat [ 4 4 0 0], v0x55fe60e8dc40_2, v0x55fe60e8dc40_3;
L_0x55fe60e90450 .functor MUXZ 8, L_0x55fe60e90290, L_0x55fe60e901f0, L_0x55fe60e8fe80, C4<>;
S_0x55fe60e780b0 .scope generate, "step_1_odd[6]" "step_1_odd[6]" 5 33, 5 33 0, S_0x55fe60e74eb0;
 .timescale -9 -9;
P_0x55fe60e782b0 .param/l "odd" 1 5 33, +C4<0110>;
S_0x55fe60e78390 .scope module, "max_min_x2" "max_min" 5 36, 6 2 0, S_0x55fe60e780b0;
 .timescale -9 -9;
    .port_info 0 /INPUT 4 "a";
    .port_info 1 /INPUT 4 "b";
    .port_info 2 /OUTPUT 4 "max";
    .port_info 3 /OUTPUT 4 "min";
P_0x55fe60e78570 .param/l "width" 0 6 3, +C4<00000000000000000000000000000100>;
v0x55fe60e786b0_0 .net *"_ivl_5", 7 0, L_0x55fe60e908f0;  1 drivers
v0x55fe60e787b0_0 .net *"_ivl_7", 7 0, L_0x55fe60e90990;  1 drivers
v0x55fe60e78890_0 .net *"_ivl_9", 7 0, L_0x55fe60e90b50;  1 drivers
v0x55fe60e78980_0 .net "a", 3 0, v0x55fe60e8dc40_6;  alias, 1 drivers
v0x55fe60e78a60_0 .net "b", 3 0, v0x55fe60e8dc40_7;  alias, 1 drivers
v0x55fe60e78b90_0 .net "big", 0 0, L_0x55fe60e90580;  1 drivers
v0x55fe60e78c50_0 .net "max", 3 0, L_0x55fe60e906c0;  alias, 1 drivers
v0x55fe60e78d30_0 .net "min", 3 0, L_0x55fe60e907b0;  alias, 1 drivers
L_0x55fe60e90580 .cmp/ge 4, v0x55fe60e8dc40_6, v0x55fe60e8dc40_7;
L_0x55fe60e906c0 .part L_0x55fe60e90b50, 4, 4;
L_0x55fe60e907b0 .part L_0x55fe60e90b50, 0, 4;
L_0x55fe60e908f0 .concat [ 4 4 0 0], v0x55fe60e8dc40_7, v0x55fe60e8dc40_6;
L_0x55fe60e90990 .concat [ 4 4 0 0], v0x55fe60e8dc40_6, v0x55fe60e8dc40_7;
L_0x55fe60e90b50 .functor MUXZ 8, L_0x55fe60e90990, L_0x55fe60e908f0, L_0x55fe60e90580, C4<>;
S_0x55fe60e79690 .scope module, "step2_u" "step2" 4 59, 7 4 0, S_0x55fe60e74630;
 .timescale -9 -9;
    .port_info 0 /INPUT 1 "clk";
    .port_info 1 /INPUT 1 "rst";
    .port_info 2 /INPUT 32 "old_data";
    .port_info 3 /OUTPUT 32 "step2_data";
P_0x55fe60e62df0 .param/l "index" 0 7 6, +C4<00000000000000000000000000001000>;
P_0x55fe60e62e30 .param/l "index_div2" 1 7 17, +C4<00000000000000000000000000000100>;
P_0x55fe60e62e70 .param/l "index_div4" 1 7 16, +C4<00000000000000000000000000000010>;
P_0x55fe60e62eb0 .param/l "index_width" 0 7 7, +C4<00000000000000000000000000000011>;
P_0x55fe60e62ef0 .param/l "width" 0 7 5, +C4<00000000000000000000000000000100>;
v0x55fe60e80f50_0 .net "clk", 0 0, v0x55fe60e8e950_0;  alias, 1 drivers
v0x55fe60e81010 .array "old_data", 7 0;
v0x55fe60e81010_0 .net v0x55fe60e81010 0, 3 0, L_0x55fe60e94830; 1 drivers
v0x55fe60e81010_1 .net v0x55fe60e81010 1, 3 0, L_0x55fe60e948f0; 1 drivers
v0x55fe60e81010_2 .net v0x55fe60e81010 2, 3 0, L_0x55fe60e94a50; 1 drivers
v0x55fe60e81010_3 .net v0x55fe60e81010 3, 3 0, L_0x55fe60e94b10; 1 drivers
v0x55fe60e81010_4 .net v0x55fe60e81010 4, 3 0, L_0x55fe60e94c80; 1 drivers
v0x55fe60e81010_5 .net v0x55fe60e81010 5, 3 0, L_0x55fe60e94d40; 1 drivers
v0x55fe60e81010_6 .net v0x55fe60e81010 6, 3 0, L_0x55fe60e94ec0; 1 drivers
v0x55fe60e81010_7 .net v0x55fe60e81010 7, 3 0, L_0x55fe60e94f80; 1 drivers
v0x55fe60e81280_0 .net "rst", 0 0, L_0x55fe60e9c290;  alias, 1 drivers
v0x55fe60e81380 .array "step2_data", 7 0, 3 0;
v0x55fe60e81470 .array "step2_data_temp1", 7 0;
v0x55fe60e81470_0 .net v0x55fe60e81470 0, 3 0, L_0x55fe60e93110; 1 drivers
v0x55fe60e81470_1 .net v0x55fe60e81470 1, 3 0, L_0x55fe60e93070; 1 drivers
v0x55fe60e81470_2 .net v0x55fe60e81470 2, 3 0, L_0x55fe60e93770; 1 drivers
v0x55fe60e81470_3 .net v0x55fe60e81470 3, 3 0, L_0x55fe60e936d0; 1 drivers
v0x55fe60e81470_4 .net v0x55fe60e81470 4, 3 0, L_0x55fe60e94390; 1 drivers
v0x55fe60e81470_5 .net v0x55fe60e81470 5, 3 0, L_0x55fe60e94430; 1 drivers
v0x55fe60e81470_6 .net v0x55fe60e81470 6, 3 0, L_0x55fe60e93d30; 1 drivers
v0x55fe60e81470_7 .net v0x55fe60e81470 7, 3 0, L_0x55fe60e93dd0; 1 drivers
v0x55fe60e81700 .array "step2_data_temp2", 7 0;
v0x55fe60e81700_0 .net v0x55fe60e81700 0, 3 0, L_0x55fe60e91710; 1 drivers
v0x55fe60e81700_1 .net v0x55fe60e81700 1, 3 0, L_0x55fe60e91d70; 1 drivers
v0x55fe60e81700_2 .net v0x55fe60e81700 2, 3 0, L_0x55fe60e91670; 1 drivers
v0x55fe60e81700_3 .net v0x55fe60e81700 3, 3 0, L_0x55fe60e91cd0; 1 drivers
v0x55fe60e81700_4 .net v0x55fe60e81700 4, 3 0, L_0x55fe60e92330; 1 drivers
v0x55fe60e81700_5 .net v0x55fe60e81700 5, 3 0, L_0x55fe60e92990; 1 drivers
v0x55fe60e81700_6 .net v0x55fe60e81700 6, 3 0, L_0x55fe60e923d0; 1 drivers
v0x55fe60e81700_7 .net v0x55fe60e81700 7, 3 0, L_0x55fe60e92a30; 1 drivers
S_0x55fe60e79b60 .scope begin, "$ivl_for_loop6" "$ivl_for_loop6" 7 84, 7 84 0, S_0x55fe60e79690;
 .timescale -9 -9;
v0x55fe60e79d40_0 .var/2s "i", 31 0;
S_0x55fe60e79de0 .scope begin, "$ivl_for_loop7" "$ivl_for_loop7" 7 89, 7 89 0, S_0x55fe60e79690;
 .timescale -9 -9;
v0x55fe60e79fe0_0 .var/2s "j", 31 0;
S_0x55fe60e7a0c0 .scope generate, "step2_temp1_hi[5]" "step2_temp1_hi[5]" 7 67, 7 67 0, S_0x55fe60e79690;
 .timescale -9 -9;
P_0x55fe60e7a2f0 .param/l "hi" 1 7 67, +C4<0101>;
S_0x55fe60e7a3b0 .scope module, "max_min_x" "max_min" 7 70, 6 2 0, S_0x55fe60e7a0c0;
 .timescale -9 -9;
    .port_info 0 /INPUT 4 "a";
    .port_info 1 /INPUT 4 "b";
    .port_info 2 /OUTPUT 4 "max";
    .port_info 3 /OUTPUT 4 "min";
P_0x55fe60e7a590 .param/l "width" 0 6 3, +C4<00000000000000000000000000000100>;
v0x55fe60e7a700_0 .net *"_ivl_5", 7 0, L_0x55fe60e94520;  1 drivers
v0x55fe60e7a800_0 .net *"_ivl_7", 7 0, L_0x55fe60e945c0;  1 drivers
v0x55fe60e7a8e0_0 .net *"_ivl_9", 7 0, L_0x55fe60e94660;  1 drivers
v0x55fe60e7a9d0_0 .net "a", 3 0, L_0x55fe60e92990;  alias, 1 drivers
v0x55fe60e7aab0_0 .net "b", 3 0, L_0x55fe60e92330;  alias, 1 drivers
v0x55fe60e7abe0_0 .net "big", 0 0, L_0x55fe60e941d0;  1 drivers
v0x55fe60e7aca0_0 .net "max", 3 0, L_0x55fe60e94390;  alias, 1 drivers
v0x55fe60e7ad80_0 .net "min", 3 0, L_0x55fe60e94430;  alias, 1 drivers
L_0x55fe60e941d0 .cmp/ge 4, L_0x55fe60e92990, L_0x55fe60e92330;
L_0x55fe60e94390 .part L_0x55fe60e94660, 4, 4;
L_0x55fe60e94430 .part L_0x55fe60e94660, 0, 4;
L_0x55fe60e94520 .concat [ 4 4 0 0], L_0x55fe60e92330, L_0x55fe60e92990;
L_0x55fe60e945c0 .concat [ 4 4 0 0], L_0x55fe60e92990, L_0x55fe60e92330;
L_0x55fe60e94660 .functor MUXZ 8, L_0x55fe60e945c0, L_0x55fe60e94520, L_0x55fe60e941d0, C4<>;
S_0x55fe60e7aee0 .scope generate, "step2_temp1_hi[7]" "step2_temp1_hi[7]" 7 67, 7 67 0, S_0x55fe60e79690;
 .timescale -9 -9;
P_0x55fe60e7b0e0 .param/l "hi" 1 7 67, +C4<0111>;
S_0x55fe60e7b1c0 .scope module, "max_min_x" "max_min" 7 70, 6 2 0, S_0x55fe60e7aee0;
 .timescale -9 -9;
    .port_info 0 /INPUT 4 "a";
    .port_info 1 /INPUT 4 "b";
    .port_info 2 /OUTPUT 4 "max";
    .port_info 3 /OUTPUT 4 "min";
P_0x55fe60e7b3a0 .param/l "width" 0 6 3, +C4<00000000000000000000000000000100>;
v0x55fe60e7b4e0_0 .net *"_ivl_5", 7 0, L_0x55fe60e93ec0;  1 drivers
v0x55fe60e7b5e0_0 .net *"_ivl_7", 7 0, L_0x55fe60e93f60;  1 drivers
v0x55fe60e7b6c0_0 .net *"_ivl_9", 7 0, L_0x55fe60e94000;  1 drivers
v0x55fe60e7b7b0_0 .net "a", 3 0, L_0x55fe60e92a30;  alias, 1 drivers
v0x55fe60e7b890_0 .net "b", 3 0, L_0x55fe60e923d0;  alias, 1 drivers
v0x55fe60e7b9c0_0 .net "big", 0 0, L_0x55fe60e93b70;  1 drivers
v0x55fe60e7ba80_0 .net "max", 3 0, L_0x55fe60e93d30;  alias, 1 drivers
v0x55fe60e7bb60_0 .net "min", 3 0, L_0x55fe60e93dd0;  alias, 1 drivers
L_0x55fe60e93b70 .cmp/ge 4, L_0x55fe60e92a30, L_0x55fe60e923d0;
L_0x55fe60e93d30 .part L_0x55fe60e94000, 4, 4;
L_0x55fe60e93dd0 .part L_0x55fe60e94000, 0, 4;
L_0x55fe60e93ec0 .concat [ 4 4 0 0], L_0x55fe60e923d0, L_0x55fe60e92a30;
L_0x55fe60e93f60 .concat [ 4 4 0 0], L_0x55fe60e92a30, L_0x55fe60e923d0;
L_0x55fe60e94000 .functor MUXZ 8, L_0x55fe60e93f60, L_0x55fe60e93ec0, L_0x55fe60e93b70, C4<>;
S_0x55fe60e7bcc0 .scope generate, "step2_temp1_lo[0]" "step2_temp1_lo[0]" 7 53, 7 53 0, S_0x55fe60e79690;
 .timescale -9 -9;
P_0x55fe60e7bf10 .param/l "lo" 1 7 53, +C4<00>;
S_0x55fe60e7bff0 .scope module, "max_min_x" "max_min" 7 56, 6 2 0, S_0x55fe60e7bcc0;
 .timescale -9 -9;
    .port_info 0 /INPUT 4 "a";
    .port_info 1 /INPUT 4 "b";
    .port_info 2 /OUTPUT 4 "max";
    .port_info 3 /OUTPUT 4 "min";
P_0x55fe60e7c1d0 .param/l "width" 0 6 3, +C4<00000000000000000000000000000100>;
v0x55fe60e7c2e0_0 .net *"_ivl_5", 7 0, L_0x55fe60e93200;  1 drivers
v0x55fe60e7c3e0_0 .net *"_ivl_7", 7 0, L_0x55fe60e932a0;  1 drivers
v0x55fe60e7c4c0_0 .net *"_ivl_9", 7 0, L_0x55fe60e93340;  1 drivers
v0x55fe60e7c5b0_0 .net "a", 3 0, L_0x55fe60e91710;  alias, 1 drivers
v0x55fe60e7c690_0 .net "b", 3 0, L_0x55fe60e91d70;  alias, 1 drivers
v0x55fe60e7c7c0_0 .net "big", 0 0, L_0x55fe60e92eb0;  1 drivers
v0x55fe60e7c880_0 .net "max", 3 0, L_0x55fe60e93070;  alias, 1 drivers
v0x55fe60e7c960_0 .net "min", 3 0, L_0x55fe60e93110;  alias, 1 drivers
L_0x55fe60e92eb0 .cmp/ge 4, L_0x55fe60e91710, L_0x55fe60e91d70;
L_0x55fe60e93070 .part L_0x55fe60e93340, 4, 4;
L_0x55fe60e93110 .part L_0x55fe60e93340, 0, 4;
L_0x55fe60e93200 .concat [ 4 4 0 0], L_0x55fe60e91d70, L_0x55fe60e91710;
L_0x55fe60e932a0 .concat [ 4 4 0 0], L_0x55fe60e91710, L_0x55fe60e91d70;
L_0x55fe60e93340 .functor MUXZ 8, L_0x55fe60e932a0, L_0x55fe60e93200, L_0x55fe60e92eb0, C4<>;
S_0x55fe60e7cac0 .scope generate, "step2_temp1_lo[2]" "step2_temp1_lo[2]" 7 53, 7 53 0, S_0x55fe60e79690;
 .timescale -9 -9;
P_0x55fe60e7ccc0 .param/l "lo" 1 7 53, +C4<010>;
S_0x55fe60e7cda0 .scope module, "max_min_x" "max_min" 7 56, 6 2 0, S_0x55fe60e7cac0;
 .timescale -9 -9;
    .port_info 0 /INPUT 4 "a";
    .port_info 1 /INPUT 4 "b";
    .port_info 2 /OUTPUT 4 "max";
    .port_info 3 /OUTPUT 4 "min";
P_0x55fe60e7cf80 .param/l "width" 0 6 3, +C4<00000000000000000000000000000100>;
v0x55fe60e7d0c0_0 .net *"_ivl_5", 7 0, L_0x55fe60e93860;  1 drivers
v0x55fe60e7d1c0_0 .net *"_ivl_7", 7 0, L_0x55fe60e93900;  1 drivers
v0x55fe60e7d2a0_0 .net *"_ivl_9", 7 0, L_0x55fe60e939a0;  1 drivers
v0x55fe60e7d390_0 .net "a", 3 0, L_0x55fe60e91670;  alias, 1 drivers
v0x55fe60e7d470_0 .net "b", 3 0, L_0x55fe60e91cd0;  alias, 1 drivers
v0x55fe60e7d5a0_0 .net "big", 0 0, L_0x55fe60e93510;  1 drivers
v0x55fe60e7d660_0 .net "max", 3 0, L_0x55fe60e936d0;  alias, 1 drivers
v0x55fe60e7d740_0 .net "min", 3 0, L_0x55fe60e93770;  alias, 1 drivers
L_0x55fe60e93510 .cmp/ge 4, L_0x55fe60e91670, L_0x55fe60e91cd0;
L_0x55fe60e936d0 .part L_0x55fe60e939a0, 4, 4;
L_0x55fe60e93770 .part L_0x55fe60e939a0, 0, 4;
L_0x55fe60e93860 .concat [ 4 4 0 0], L_0x55fe60e91cd0, L_0x55fe60e91670;
L_0x55fe60e93900 .concat [ 4 4 0 0], L_0x55fe60e91670, L_0x55fe60e91cd0;
L_0x55fe60e939a0 .functor MUXZ 8, L_0x55fe60e93900, L_0x55fe60e93860, L_0x55fe60e93510, C4<>;
S_0x55fe60e7d8a0 .scope generate, "step2_temp2_hi[4]" "step2_temp2_hi[4]" 7 35, 7 35 0, S_0x55fe60e79690;
 .timescale -9 -9;
P_0x55fe60e7daa0 .param/l "hi" 1 7 35, +C4<0100>;
S_0x55fe60e7db80 .scope module, "max_min_x4" "max_min" 7 38, 6 2 0, S_0x55fe60e7d8a0;
 .timescale -9 -9;
    .port_info 0 /INPUT 4 "a";
    .port_info 1 /INPUT 4 "b";
    .port_info 2 /OUTPUT 4 "max";
    .port_info 3 /OUTPUT 4 "min";
P_0x55fe60e7dd60 .param/l "width" 0 6 3, +C4<00000000000000000000000000000100>;
v0x55fe60e7dea0_0 .net *"_ivl_5", 7 0, L_0x55fe60e924c0;  1 drivers
v0x55fe60e7dfa0_0 .net *"_ivl_7", 7 0, L_0x55fe60e92560;  1 drivers
v0x55fe60e7e080_0 .net *"_ivl_9", 7 0, L_0x55fe60e92720;  1 drivers
v0x55fe60e7e170_0 .net "a", 3 0, L_0x55fe60e94c80;  alias, 1 drivers
v0x55fe60e7e250_0 .net "b", 3 0, L_0x55fe60e94ec0;  alias, 1 drivers
v0x55fe60e7e380_0 .net "big", 0 0, L_0x55fe60e921f0;  1 drivers
v0x55fe60e7e440_0 .net "max", 3 0, L_0x55fe60e92330;  alias, 1 drivers
v0x55fe60e7e500_0 .net "min", 3 0, L_0x55fe60e923d0;  alias, 1 drivers
L_0x55fe60e921f0 .cmp/ge 4, L_0x55fe60e94c80, L_0x55fe60e94ec0;
L_0x55fe60e92330 .part L_0x55fe60e92720, 4, 4;
L_0x55fe60e923d0 .part L_0x55fe60e92720, 0, 4;
L_0x55fe60e924c0 .concat [ 4 4 0 0], L_0x55fe60e94ec0, L_0x55fe60e94c80;
L_0x55fe60e92560 .concat [ 4 4 0 0], L_0x55fe60e94c80, L_0x55fe60e94ec0;
L_0x55fe60e92720 .functor MUXZ 8, L_0x55fe60e92560, L_0x55fe60e924c0, L_0x55fe60e921f0, C4<>;
S_0x55fe60e7e660 .scope generate, "step2_temp2_hi[5]" "step2_temp2_hi[5]" 7 35, 7 35 0, S_0x55fe60e79690;
 .timescale -9 -9;
P_0x55fe60e7e860 .param/l "hi" 1 7 35, +C4<0101>;
S_0x55fe60e7e940 .scope module, "max_min_x4" "max_min" 7 38, 6 2 0, S_0x55fe60e7e660;
 .timescale -9 -9;
    .port_info 0 /INPUT 4 "a";
    .port_info 1 /INPUT 4 "b";
    .port_info 2 /OUTPUT 4 "max";
    .port_info 3 /OUTPUT 4 "min";
P_0x55fe60e7eb20 .param/l "width" 0 6 3, +C4<00000000000000000000000000000100>;
v0x55fe60e7ec60_0 .net *"_ivl_5", 7 0, L_0x55fe60e92b20;  1 drivers
v0x55fe60e7ed60_0 .net *"_ivl_7", 7 0, L_0x55fe60e92bc0;  1 drivers
v0x55fe60e7ee40_0 .net *"_ivl_9", 7 0, L_0x55fe60e92d80;  1 drivers
v0x55fe60e7ef30_0 .net "a", 3 0, L_0x55fe60e94d40;  alias, 1 drivers
v0x55fe60e7f010_0 .net "b", 3 0, L_0x55fe60e94f80;  alias, 1 drivers
v0x55fe60e7f140_0 .net "big", 0 0, L_0x55fe60e92850;  1 drivers
v0x55fe60e7f200_0 .net "max", 3 0, L_0x55fe60e92990;  alias, 1 drivers
v0x55fe60e7f2c0_0 .net "min", 3 0, L_0x55fe60e92a30;  alias, 1 drivers
L_0x55fe60e92850 .cmp/ge 4, L_0x55fe60e94d40, L_0x55fe60e94f80;
L_0x55fe60e92990 .part L_0x55fe60e92d80, 4, 4;
L_0x55fe60e92a30 .part L_0x55fe60e92d80, 0, 4;
L_0x55fe60e92b20 .concat [ 4 4 0 0], L_0x55fe60e94f80, L_0x55fe60e94d40;
L_0x55fe60e92bc0 .concat [ 4 4 0 0], L_0x55fe60e94d40, L_0x55fe60e94f80;
L_0x55fe60e92d80 .functor MUXZ 8, L_0x55fe60e92bc0, L_0x55fe60e92b20, L_0x55fe60e92850, C4<>;
S_0x55fe60e7f420 .scope generate, "step2_temp2_lo[0]" "step2_temp2_lo[0]" 7 21, 7 21 0, S_0x55fe60e79690;
 .timescale -9 -9;
P_0x55fe60e7bec0 .param/l "lo" 1 7 21, +C4<00>;
S_0x55fe60e7f6b0 .scope module, "max_min_x3" "max_min" 7 24, 6 2 0, S_0x55fe60e7f420;
 .timescale -9 -9;
    .port_info 0 /INPUT 4 "a";
    .port_info 1 /INPUT 4 "b";
    .port_info 2 /OUTPUT 4 "max";
    .port_info 3 /OUTPUT 4 "min";
P_0x55fe60e7f890 .param/l "width" 0 6 3, +C4<00000000000000000000000000000100>;
v0x55fe60e7f9d0_0 .net *"_ivl_5", 7 0, L_0x55fe60e91800;  1 drivers
v0x55fe60e7fad0_0 .net *"_ivl_7", 7 0, L_0x55fe60e918a0;  1 drivers
v0x55fe60e7fbb0_0 .net *"_ivl_9", 7 0, L_0x55fe60e91a60;  1 drivers
v0x55fe60e7fca0_0 .net "a", 3 0, L_0x55fe60e94830;  alias, 1 drivers
v0x55fe60e7fd80_0 .net "b", 3 0, L_0x55fe60e94a50;  alias, 1 drivers
v0x55fe60e7feb0_0 .net "big", 0 0, L_0x55fe60e91580;  1 drivers
v0x55fe60e7ff70_0 .net "max", 3 0, L_0x55fe60e91670;  alias, 1 drivers
v0x55fe60e80030_0 .net "min", 3 0, L_0x55fe60e91710;  alias, 1 drivers
L_0x55fe60e91580 .cmp/ge 4, L_0x55fe60e94830, L_0x55fe60e94a50;
L_0x55fe60e91670 .part L_0x55fe60e91a60, 4, 4;
L_0x55fe60e91710 .part L_0x55fe60e91a60, 0, 4;
L_0x55fe60e91800 .concat [ 4 4 0 0], L_0x55fe60e94a50, L_0x55fe60e94830;
L_0x55fe60e918a0 .concat [ 4 4 0 0], L_0x55fe60e94830, L_0x55fe60e94a50;
L_0x55fe60e91a60 .functor MUXZ 8, L_0x55fe60e918a0, L_0x55fe60e91800, L_0x55fe60e91580, C4<>;
S_0x55fe60e80190 .scope generate, "step2_temp2_lo[1]" "step2_temp2_lo[1]" 7 21, 7 21 0, S_0x55fe60e79690;
 .timescale -9 -9;
P_0x55fe60e80390 .param/l "lo" 1 7 21, +C4<01>;
S_0x55fe60e80470 .scope module, "max_min_x3" "max_min" 7 24, 6 2 0, S_0x55fe60e80190;
 .timescale -9 -9;
    .port_info 0 /INPUT 4 "a";
    .port_info 1 /INPUT 4 "b";
    .port_info 2 /OUTPUT 4 "max";
    .port_info 3 /OUTPUT 4 "min";
P_0x55fe60e80650 .param/l "width" 0 6 3, +C4<00000000000000000000000000000100>;
v0x55fe60e80790_0 .net *"_ivl_5", 7 0, L_0x55fe60e91e60;  1 drivers
v0x55fe60e80890_0 .net *"_ivl_7", 7 0, L_0x55fe60e91f00;  1 drivers
v0x55fe60e80970_0 .net *"_ivl_9", 7 0, L_0x55fe60e920c0;  1 drivers
v0x55fe60e80a60_0 .net "a", 3 0, L_0x55fe60e948f0;  alias, 1 drivers
v0x55fe60e80b40_0 .net "b", 3 0, L_0x55fe60e94b10;  alias, 1 drivers
v0x55fe60e80c70_0 .net "big", 0 0, L_0x55fe60e91b90;  1 drivers
v0x55fe60e80d30_0 .net "max", 3 0, L_0x55fe60e91cd0;  alias, 1 drivers
v0x55fe60e80df0_0 .net "min", 3 0, L_0x55fe60e91d70;  alias, 1 drivers
L_0x55fe60e91b90 .cmp/ge 4, L_0x55fe60e948f0, L_0x55fe60e94b10;
L_0x55fe60e91cd0 .part L_0x55fe60e920c0, 4, 4;
L_0x55fe60e91d70 .part L_0x55fe60e920c0, 0, 4;
L_0x55fe60e91e60 .concat [ 4 4 0 0], L_0x55fe60e94b10, L_0x55fe60e948f0;
L_0x55fe60e91f00 .concat [ 4 4 0 0], L_0x55fe60e948f0, L_0x55fe60e94b10;
L_0x55fe60e920c0 .functor MUXZ 8, L_0x55fe60e91f00, L_0x55fe60e91e60, L_0x55fe60e91b90, C4<>;
S_0x55fe60e81a70 .scope module, "step3_u" "step3" 4 74, 8 4 0, S_0x55fe60e74630;
 .timescale -9 -9;
    .port_info 0 /INPUT 1 "clk";
    .port_info 1 /INPUT 1 "rst";
    .port_info 2 /INPUT 32 "old_data";
    .port_info 3 /OUTPUT 32 "step3_data";
P_0x55fe60e81ca0 .param/l "index" 0 8 6, +C4<00000000000000000000000000001000>;
P_0x55fe60e81ce0 .param/l "index_div2" 1 8 17, +C4<00000000000000000000000000000100>;
P_0x55fe60e81d20 .param/l "index_div4" 1 8 16, +C4<00000000000000000000000000000010>;
P_0x55fe60e81d60 .param/l "index_width" 0 8 7, +C4<00000000000000000000000000000011>;
P_0x55fe60e81da0 .param/l "width" 0 8 5, +C4<00000000000000000000000000000100>;
v0x55fe60e8cb00_0 .net "clk", 0 0, v0x55fe60e8e950_0;  alias, 1 drivers
v0x55fe60e8cc10 .array "old_data", 7 0;
v0x55fe60e8cc10_0 .net v0x55fe60e8cc10 0, 3 0, L_0x55fe60e9a140; 1 drivers
v0x55fe60e8cc10_1 .net v0x55fe60e8cc10 1, 3 0, L_0x55fe60e9a200; 1 drivers
v0x55fe60e8cc10_2 .net v0x55fe60e8cc10 2, 3 0, L_0x55fe60e9a3e0; 1 drivers
v0x55fe60e8cc10_3 .net v0x55fe60e8cc10 3, 3 0, L_0x55fe60e9a4a0; 1 drivers
v0x55fe60e8cc10_4 .net v0x55fe60e8cc10 4, 3 0, L_0x55fe60e9a2c0; 1 drivers
v0x55fe60e8cc10_5 .net v0x55fe60e8cc10 5, 3 0, L_0x55fe60e9a690; 1 drivers
v0x55fe60e8cc10_6 .net v0x55fe60e8cc10 6, 3 0, L_0x55fe60e9a840; 1 drivers
v0x55fe60e8cc10_7 .net v0x55fe60e8cc10 7, 3 0, L_0x55fe60e9a900; 1 drivers
v0x55fe60e8ce40_0 .net "rst", 0 0, L_0x55fe60e9c290;  alias, 1 drivers
v0x55fe60e8cf60 .array "step3_data", 7 0, 3 0;
v0x55fe60e8d050 .array "step3_data_temp1", 7 0;
v0x55fe60e8d050_0 .net v0x55fe60e8d050 0, 3 0, L_0x55fe60e98a20; 1 drivers
v0x55fe60e8d050_1 .net v0x55fe60e8d050 1, 3 0, L_0x55fe60e98980; 1 drivers
v0x55fe60e8d050_2 .net v0x55fe60e8d050 2, 3 0, L_0x55fe60e99080; 1 drivers
v0x55fe60e8d050_3 .net v0x55fe60e8d050 3, 3 0, L_0x55fe60e98fe0; 1 drivers
v0x55fe60e8d050_4 .net v0x55fe60e8d050 4, 3 0, L_0x55fe60e996e0; 1 drivers
v0x55fe60e8d050_5 .net v0x55fe60e8d050 5, 3 0, L_0x55fe60e99640; 1 drivers
v0x55fe60e8d050_6 .net v0x55fe60e8d050 6, 3 0, L_0x55fe60e99d40; 1 drivers
v0x55fe60e8d050_7 .net v0x55fe60e8d050 7, 3 0, L_0x55fe60e99ca0; 1 drivers
v0x55fe60e8d2d0 .array "step3_data_temp2", 7 0;
v0x55fe60e8d2d0_0 .net v0x55fe60e8d2d0 0, 3 0, L_0x55fe60e97320; 1 drivers
v0x55fe60e8d2d0_1 .net v0x55fe60e8d2d0 1, 3 0, L_0x55fe60e978e0; 1 drivers
v0x55fe60e8d2d0_2 .net v0x55fe60e8d2d0 2, 3 0, L_0x55fe60e97280; 1 drivers
v0x55fe60e8d2d0_3 .net v0x55fe60e8d2d0 3, 3 0, L_0x55fe60e97840; 1 drivers
v0x55fe60e8d2d0_4 .net v0x55fe60e8d2d0 4, 3 0, L_0x55fe60e97ea0; 1 drivers
v0x55fe60e8d2d0_5 .net v0x55fe60e8d2d0 5, 3 0, L_0x55fe60e98460; 1 drivers
v0x55fe60e8d2d0_6 .net v0x55fe60e8d2d0 6, 3 0, L_0x55fe60e97e00; 1 drivers
v0x55fe60e8d2d0_7 .net v0x55fe60e8d2d0 7, 3 0, L_0x55fe60e983c0; 1 drivers
v0x55fe60e8d640 .array "step3_data_temp3", 7 0;
v0x55fe60e8d640_0 .net v0x55fe60e8d640 0, 3 0, L_0x55fe60e959b0; 1 drivers
v0x55fe60e8d640_1 .net v0x55fe60e8d640 1, 3 0, L_0x55fe60e95f80; 1 drivers
v0x55fe60e8d640_2 .net v0x55fe60e8d640 2, 3 0, L_0x55fe60e965e0; 1 drivers
v0x55fe60e8d640_3 .net v0x55fe60e8d640 3, 3 0, L_0x55fe60e96c40; 1 drivers
v0x55fe60e8d640_4 .net v0x55fe60e8d640 4, 3 0, L_0x55fe60e95910; 1 drivers
v0x55fe60e8d640_5 .net v0x55fe60e8d640 5, 3 0, L_0x55fe60e95ee0; 1 drivers
v0x55fe60e8d640_6 .net v0x55fe60e8d640 6, 3 0, L_0x55fe60e96540; 1 drivers
v0x55fe60e8d640_7 .net v0x55fe60e8d640 7, 3 0, L_0x55fe60e96ba0; 1 drivers
S_0x55fe60e81ff0 .scope begin, "$ivl_for_loop8" "$ivl_for_loop8" 8 87, 8 87 0, S_0x55fe60e81a70;
 .timescale -9 -9;
v0x55fe60e821d0_0 .var/2s "i", 31 0;
S_0x55fe60e82290 .scope begin, "$ivl_for_loop9" "$ivl_for_loop9" 8 92, 8 92 0, S_0x55fe60e81a70;
 .timescale -9 -9;
v0x55fe60e82490_0 .var/2s "j", 31 0;
S_0x55fe60e82570 .scope generate, "step2_temp1_even[0]" "step2_temp1_even[0]" 8 72, 8 72 0, S_0x55fe60e81a70;
 .timescale -9 -9;
P_0x55fe60e82770 .param/l "even" 1 8 72, +C4<00>;
S_0x55fe60e82830 .scope module, "max_min_x" "max_min" 8 75, 6 2 0, S_0x55fe60e82570;
 .timescale -9 -9;
    .port_info 0 /INPUT 4 "a";
    .port_info 1 /INPUT 4 "b";
    .port_info 2 /OUTPUT 4 "max";
    .port_info 3 /OUTPUT 4 "min";
P_0x55fe60e82a10 .param/l "width" 0 6 3, +C4<00000000000000000000000000000100>;
v0x55fe60e82b20_0 .net *"_ivl_5", 7 0, L_0x55fe60e98b10;  1 drivers
v0x55fe60e82c20_0 .net *"_ivl_7", 7 0, L_0x55fe60e98bb0;  1 drivers
v0x55fe60e82d00_0 .net *"_ivl_9", 7 0, L_0x55fe60e98c50;  1 drivers
v0x55fe60e82df0_0 .net "a", 3 0, L_0x55fe60e97320;  alias, 1 drivers
v0x55fe60e82ed0_0 .net "b", 3 0, L_0x55fe60e978e0;  alias, 1 drivers
v0x55fe60e83000_0 .net "big", 0 0, L_0x55fe60e987c0;  1 drivers
v0x55fe60e830c0_0 .net "max", 3 0, L_0x55fe60e98980;  alias, 1 drivers
v0x55fe60e831a0_0 .net "min", 3 0, L_0x55fe60e98a20;  alias, 1 drivers
L_0x55fe60e987c0 .cmp/ge 4, L_0x55fe60e97320, L_0x55fe60e978e0;
L_0x55fe60e98980 .part L_0x55fe60e98c50, 4, 4;
L_0x55fe60e98a20 .part L_0x55fe60e98c50, 0, 4;
L_0x55fe60e98b10 .concat [ 4 4 0 0], L_0x55fe60e978e0, L_0x55fe60e97320;
L_0x55fe60e98bb0 .concat [ 4 4 0 0], L_0x55fe60e97320, L_0x55fe60e978e0;
L_0x55fe60e98c50 .functor MUXZ 8, L_0x55fe60e98bb0, L_0x55fe60e98b10, L_0x55fe60e987c0, C4<>;
S_0x55fe60e83300 .scope generate, "step2_temp1_even[2]" "step2_temp1_even[2]" 8 72, 8 72 0, S_0x55fe60e81a70;
 .timescale -9 -9;
P_0x55fe60e83500 .param/l "even" 1 8 72, +C4<010>;
S_0x55fe60e835e0 .scope module, "max_min_x" "max_min" 8 75, 6 2 0, S_0x55fe60e83300;
 .timescale -9 -9;
    .port_info 0 /INPUT 4 "a";
    .port_info 1 /INPUT 4 "b";
    .port_info 2 /OUTPUT 4 "max";
    .port_info 3 /OUTPUT 4 "min";
P_0x55fe60e837c0 .param/l "width" 0 6 3, +C4<00000000000000000000000000000100>;
v0x55fe60e83900_0 .net *"_ivl_5", 7 0, L_0x55fe60e99170;  1 drivers
v0x55fe60e83a00_0 .net *"_ivl_7", 7 0, L_0x55fe60e99210;  1 drivers
v0x55fe60e83ae0_0 .net *"_ivl_9", 7 0, L_0x55fe60e992b0;  1 drivers
v0x55fe60e83bd0_0 .net "a", 3 0, L_0x55fe60e97280;  alias, 1 drivers
v0x55fe60e83cb0_0 .net "b", 3 0, L_0x55fe60e97840;  alias, 1 drivers
v0x55fe60e83de0_0 .net "big", 0 0, L_0x55fe60e98e20;  1 drivers
v0x55fe60e83ea0_0 .net "max", 3 0, L_0x55fe60e98fe0;  alias, 1 drivers
v0x55fe60e83f80_0 .net "min", 3 0, L_0x55fe60e99080;  alias, 1 drivers
L_0x55fe60e98e20 .cmp/ge 4, L_0x55fe60e97280, L_0x55fe60e97840;
L_0x55fe60e98fe0 .part L_0x55fe60e992b0, 4, 4;
L_0x55fe60e99080 .part L_0x55fe60e992b0, 0, 4;
L_0x55fe60e99170 .concat [ 4 4 0 0], L_0x55fe60e97840, L_0x55fe60e97280;
L_0x55fe60e99210 .concat [ 4 4 0 0], L_0x55fe60e97280, L_0x55fe60e97840;
L_0x55fe60e992b0 .functor MUXZ 8, L_0x55fe60e99210, L_0x55fe60e99170, L_0x55fe60e98e20, C4<>;
S_0x55fe60e840e0 .scope generate, "step2_temp1_even[4]" "step2_temp1_even[4]" 8 72, 8 72 0, S_0x55fe60e81a70;
 .timescale -9 -9;
P_0x55fe60e84330 .param/l "even" 1 8 72, +C4<0100>;
S_0x55fe60e84410 .scope module, "max_min_x" "max_min" 8 75, 6 2 0, S_0x55fe60e840e0;
 .timescale -9 -9;
    .port_info 0 /INPUT 4 "a";
    .port_info 1 /INPUT 4 "b";
    .port_info 2 /OUTPUT 4 "max";
    .port_info 3 /OUTPUT 4 "min";
P_0x55fe60e845f0 .param/l "width" 0 6 3, +C4<00000000000000000000000000000100>;
v0x55fe60e84700_0 .net *"_ivl_5", 7 0, L_0x55fe60e997d0;  1 drivers
v0x55fe60e84800_0 .net *"_ivl_7", 7 0, L_0x55fe60e99870;  1 drivers
v0x55fe60e848e0_0 .net *"_ivl_9", 7 0, L_0x55fe60e99910;  1 drivers
v0x55fe60e849d0_0 .net "a", 3 0, L_0x55fe60e97ea0;  alias, 1 drivers
v0x55fe60e84ab0_0 .net "b", 3 0, L_0x55fe60e98460;  alias, 1 drivers
v0x55fe60e84be0_0 .net "big", 0 0, L_0x55fe60e99480;  1 drivers
v0x55fe60e84ca0_0 .net "max", 3 0, L_0x55fe60e99640;  alias, 1 drivers
v0x55fe60e84d80_0 .net "min", 3 0, L_0x55fe60e996e0;  alias, 1 drivers
L_0x55fe60e99480 .cmp/ge 4, L_0x55fe60e97ea0, L_0x55fe60e98460;
L_0x55fe60e99640 .part L_0x55fe60e99910, 4, 4;
L_0x55fe60e996e0 .part L_0x55fe60e99910, 0, 4;
L_0x55fe60e997d0 .concat [ 4 4 0 0], L_0x55fe60e98460, L_0x55fe60e97ea0;
L_0x55fe60e99870 .concat [ 4 4 0 0], L_0x55fe60e97ea0, L_0x55fe60e98460;
L_0x55fe60e99910 .functor MUXZ 8, L_0x55fe60e99870, L_0x55fe60e997d0, L_0x55fe60e99480, C4<>;
S_0x55fe60e84ee0 .scope generate, "step2_temp1_even[6]" "step2_temp1_even[6]" 8 72, 8 72 0, S_0x55fe60e81a70;
 .timescale -9 -9;
P_0x55fe60e850e0 .param/l "even" 1 8 72, +C4<0110>;
S_0x55fe60e851c0 .scope module, "max_min_x" "max_min" 8 75, 6 2 0, S_0x55fe60e84ee0;
 .timescale -9 -9;
    .port_info 0 /INPUT 4 "a";
    .port_info 1 /INPUT 4 "b";
    .port_info 2 /OUTPUT 4 "max";
    .port_info 3 /OUTPUT 4 "min";
P_0x55fe60e853a0 .param/l "width" 0 6 3, +C4<00000000000000000000000000000100>;
v0x55fe60e854e0_0 .net *"_ivl_5", 7 0, L_0x55fe60e99e30;  1 drivers
v0x55fe60e855e0_0 .net *"_ivl_7", 7 0, L_0x55fe60e99ed0;  1 drivers
v0x55fe60e856c0_0 .net *"_ivl_9", 7 0, L_0x55fe60e99f70;  1 drivers
v0x55fe60e857b0_0 .net "a", 3 0, L_0x55fe60e97e00;  alias, 1 drivers
v0x55fe60e85890_0 .net "b", 3 0, L_0x55fe60e983c0;  alias, 1 drivers
v0x55fe60e859c0_0 .net "big", 0 0, L_0x55fe60e99ae0;  1 drivers
v0x55fe60e85a80_0 .net "max", 3 0, L_0x55fe60e99ca0;  alias, 1 drivers
v0x55fe60e85b60_0 .net "min", 3 0, L_0x55fe60e99d40;  alias, 1 drivers
L_0x55fe60e99ae0 .cmp/ge 4, L_0x55fe60e97e00, L_0x55fe60e983c0;
L_0x55fe60e99ca0 .part L_0x55fe60e99f70, 4, 4;
L_0x55fe60e99d40 .part L_0x55fe60e99f70, 0, 4;
L_0x55fe60e99e30 .concat [ 4 4 0 0], L_0x55fe60e983c0, L_0x55fe60e97e00;
L_0x55fe60e99ed0 .concat [ 4 4 0 0], L_0x55fe60e97e00, L_0x55fe60e983c0;
L_0x55fe60e99f70 .functor MUXZ 8, L_0x55fe60e99ed0, L_0x55fe60e99e30, L_0x55fe60e99ae0, C4<>;
S_0x55fe60e85cc0 .scope generate, "step2_temp2_hi[4]" "step2_temp2_hi[4]" 8 54, 8 54 0, S_0x55fe60e81a70;
 .timescale -9 -9;
P_0x55fe60e85ec0 .param/l "hi" 1 8 54, +C4<0100>;
S_0x55fe60e85fa0 .scope module, "max_min_x" "max_min" 8 57, 6 2 0, S_0x55fe60e85cc0;
 .timescale -9 -9;
    .port_info 0 /INPUT 4 "a";
    .port_info 1 /INPUT 4 "b";
    .port_info 2 /OUTPUT 4 "max";
    .port_info 3 /OUTPUT 4 "min";
P_0x55fe60e86180 .param/l "width" 0 6 3, +C4<00000000000000000000000000000100>;
v0x55fe60e862c0_0 .net *"_ivl_5", 7 0, L_0x55fe60e97f40;  1 drivers
v0x55fe60e863c0_0 .net *"_ivl_7", 7 0, L_0x55fe60e97fe0;  1 drivers
v0x55fe60e864a0_0 .net *"_ivl_9", 7 0, L_0x55fe60e98080;  1 drivers
v0x55fe60e86590_0 .net "a", 3 0, L_0x55fe60e95910;  alias, 1 drivers
v0x55fe60e86670_0 .net "b", 3 0, L_0x55fe60e96540;  alias, 1 drivers
v0x55fe60e867a0_0 .net "big", 0 0, L_0x55fe60e97c40;  1 drivers
v0x55fe60e86860_0 .net "max", 3 0, L_0x55fe60e97e00;  alias, 1 drivers
v0x55fe60e86920_0 .net "min", 3 0, L_0x55fe60e97ea0;  alias, 1 drivers
L_0x55fe60e97c40 .cmp/ge 4, L_0x55fe60e95910, L_0x55fe60e96540;
L_0x55fe60e97e00 .part L_0x55fe60e98080, 4, 4;
L_0x55fe60e97ea0 .part L_0x55fe60e98080, 0, 4;
L_0x55fe60e97f40 .concat [ 4 4 0 0], L_0x55fe60e96540, L_0x55fe60e95910;
L_0x55fe60e97fe0 .concat [ 4 4 0 0], L_0x55fe60e95910, L_0x55fe60e96540;
L_0x55fe60e98080 .functor MUXZ 8, L_0x55fe60e97fe0, L_0x55fe60e97f40, L_0x55fe60e97c40, C4<>;
S_0x55fe60e86a80 .scope generate, "step2_temp2_hi[5]" "step2_temp2_hi[5]" 8 54, 8 54 0, S_0x55fe60e81a70;
 .timescale -9 -9;
P_0x55fe60e86c80 .param/l "hi" 1 8 54, +C4<0101>;
S_0x55fe60e86d60 .scope module, "max_min_x" "max_min" 8 57, 6 2 0, S_0x55fe60e86a80;
 .timescale -9 -9;
    .port_info 0 /INPUT 4 "a";
    .port_info 1 /INPUT 4 "b";
    .port_info 2 /OUTPUT 4 "max";
    .port_info 3 /OUTPUT 4 "min";
P_0x55fe60e86f40 .param/l "width" 0 6 3, +C4<00000000000000000000000000000100>;
v0x55fe60e87080_0 .net *"_ivl_5", 7 0, L_0x55fe60e98500;  1 drivers
v0x55fe60e87180_0 .net *"_ivl_7", 7 0, L_0x55fe60e985a0;  1 drivers
v0x55fe60e87260_0 .net *"_ivl_9", 7 0, L_0x55fe60e98640;  1 drivers
v0x55fe60e87350_0 .net "a", 3 0, L_0x55fe60e95ee0;  alias, 1 drivers
v0x55fe60e87430_0 .net "b", 3 0, L_0x55fe60e96ba0;  alias, 1 drivers
v0x55fe60e87560_0 .net "big", 0 0, L_0x55fe60e98200;  1 drivers
v0x55fe60e87620_0 .net "max", 3 0, L_0x55fe60e983c0;  alias, 1 drivers
v0x55fe60e876e0_0 .net "min", 3 0, L_0x55fe60e98460;  alias, 1 drivers
L_0x55fe60e98200 .cmp/ge 4, L_0x55fe60e95ee0, L_0x55fe60e96ba0;
L_0x55fe60e983c0 .part L_0x55fe60e98640, 4, 4;
L_0x55fe60e98460 .part L_0x55fe60e98640, 0, 4;
L_0x55fe60e98500 .concat [ 4 4 0 0], L_0x55fe60e96ba0, L_0x55fe60e95ee0;
L_0x55fe60e985a0 .concat [ 4 4 0 0], L_0x55fe60e95ee0, L_0x55fe60e96ba0;
L_0x55fe60e98640 .functor MUXZ 8, L_0x55fe60e985a0, L_0x55fe60e98500, L_0x55fe60e98200, C4<>;
S_0x55fe60e87840 .scope generate, "step2_temp2_lo[0]" "step2_temp2_lo[0]" 8 40, 8 40 0, S_0x55fe60e81a70;
 .timescale -9 -9;
P_0x55fe60e842e0 .param/l "lo" 1 8 40, +C4<00>;
S_0x55fe60e87ad0 .scope module, "max_min_x" "max_min" 8 43, 6 2 0, S_0x55fe60e87840;
 .timescale -9 -9;
    .port_info 0 /INPUT 4 "a";
    .port_info 1 /INPUT 4 "b";
    .port_info 2 /OUTPUT 4 "max";
    .port_info 3 /OUTPUT 4 "min";
P_0x55fe60e87cb0 .param/l "width" 0 6 3, +C4<00000000000000000000000000000100>;
v0x55fe60e87e80_0 .net *"_ivl_5", 7 0, L_0x55fe60e973c0;  1 drivers
v0x55fe60e87f80_0 .net *"_ivl_7", 7 0, L_0x55fe60e97460;  1 drivers
v0x55fe60e88060_0 .net *"_ivl_9", 7 0, L_0x55fe60e97500;  1 drivers
v0x55fe60e88150_0 .net "a", 3 0, L_0x55fe60e959b0;  alias, 1 drivers
v0x55fe60e88230_0 .net "b", 3 0, L_0x55fe60e965e0;  alias, 1 drivers
v0x55fe60e88360_0 .net "big", 0 0, L_0x55fe60e970c0;  1 drivers
v0x55fe60e88420_0 .net "max", 3 0, L_0x55fe60e97280;  alias, 1 drivers
v0x55fe60e884e0_0 .net "min", 3 0, L_0x55fe60e97320;  alias, 1 drivers
L_0x55fe60e970c0 .cmp/ge 4, L_0x55fe60e959b0, L_0x55fe60e965e0;
L_0x55fe60e97280 .part L_0x55fe60e97500, 4, 4;
L_0x55fe60e97320 .part L_0x55fe60e97500, 0, 4;
L_0x55fe60e973c0 .concat [ 4 4 0 0], L_0x55fe60e965e0, L_0x55fe60e959b0;
L_0x55fe60e97460 .concat [ 4 4 0 0], L_0x55fe60e959b0, L_0x55fe60e965e0;
L_0x55fe60e97500 .functor MUXZ 8, L_0x55fe60e97460, L_0x55fe60e973c0, L_0x55fe60e970c0, C4<>;
S_0x55fe60e88640 .scope generate, "step2_temp2_lo[1]" "step2_temp2_lo[1]" 8 40, 8 40 0, S_0x55fe60e81a70;
 .timescale -9 -9;
P_0x55fe60e88840 .param/l "lo" 1 8 40, +C4<01>;
S_0x55fe60e88920 .scope module, "max_min_x" "max_min" 8 43, 6 2 0, S_0x55fe60e88640;
 .timescale -9 -9;
    .port_info 0 /INPUT 4 "a";
    .port_info 1 /INPUT 4 "b";
    .port_info 2 /OUTPUT 4 "max";
    .port_info 3 /OUTPUT 4 "min";
P_0x55fe60e88b00 .param/l "width" 0 6 3, +C4<00000000000000000000000000000100>;
v0x55fe60e88c40_0 .net *"_ivl_5", 7 0, L_0x55fe60e97980;  1 drivers
v0x55fe60e88d40_0 .net *"_ivl_7", 7 0, L_0x55fe60e97a20;  1 drivers
v0x55fe60e88e20_0 .net *"_ivl_9", 7 0, L_0x55fe60e97ac0;  1 drivers
v0x55fe60e88f10_0 .net "a", 3 0, L_0x55fe60e95f80;  alias, 1 drivers
v0x55fe60e88ff0_0 .net "b", 3 0, L_0x55fe60e96c40;  alias, 1 drivers
v0x55fe60e89120_0 .net "big", 0 0, L_0x55fe60e97680;  1 drivers
v0x55fe60e891e0_0 .net "max", 3 0, L_0x55fe60e97840;  alias, 1 drivers
v0x55fe60e892a0_0 .net "min", 3 0, L_0x55fe60e978e0;  alias, 1 drivers
L_0x55fe60e97680 .cmp/ge 4, L_0x55fe60e95f80, L_0x55fe60e96c40;
L_0x55fe60e97840 .part L_0x55fe60e97ac0, 4, 4;
L_0x55fe60e978e0 .part L_0x55fe60e97ac0, 0, 4;
L_0x55fe60e97980 .concat [ 4 4 0 0], L_0x55fe60e96c40, L_0x55fe60e95f80;
L_0x55fe60e97a20 .concat [ 4 4 0 0], L_0x55fe60e95f80, L_0x55fe60e96c40;
L_0x55fe60e97ac0 .functor MUXZ 8, L_0x55fe60e97a20, L_0x55fe60e97980, L_0x55fe60e97680, C4<>;
S_0x55fe60e89400 .scope generate, "step3_temp3_lo[0]" "step3_temp3_lo[0]" 8 22, 8 22 0, S_0x55fe60e81a70;
 .timescale -9 -9;
P_0x55fe60e89600 .param/l "lo" 1 8 22, +C4<00>;
S_0x55fe60e896e0 .scope module, "max_min_x" "max_min" 8 25, 6 2 0, S_0x55fe60e89400;
 .timescale -9 -9;
    .port_info 0 /INPUT 4 "a";
    .port_info 1 /INPUT 4 "b";
    .port_info 2 /OUTPUT 4 "max";
    .port_info 3 /OUTPUT 4 "min";
P_0x55fe60e898c0 .param/l "width" 0 6 3, +C4<00000000000000000000000000000100>;
v0x55fe60e89a00_0 .net *"_ivl_5", 7 0, L_0x55fe60e95aa0;  1 drivers
v0x55fe60e89b00_0 .net *"_ivl_7", 7 0, L_0x55fe60e95b40;  1 drivers
v0x55fe60e89be0_0 .net *"_ivl_9", 7 0, L_0x55fe60e95c70;  1 drivers
v0x55fe60e89cd0_0 .net "a", 3 0, L_0x55fe60e9a140;  alias, 1 drivers
v0x55fe60e89db0_0 .net "b", 3 0, L_0x55fe60e9a2c0;  alias, 1 drivers
v0x55fe60e89ee0_0 .net "big", 0 0, L_0x55fe60e949b0;  1 drivers
v0x55fe60e89fa0_0 .net "max", 3 0, L_0x55fe60e95910;  alias, 1 drivers
v0x55fe60e8a060_0 .net "min", 3 0, L_0x55fe60e959b0;  alias, 1 drivers
L_0x55fe60e949b0 .cmp/ge 4, L_0x55fe60e9a140, L_0x55fe60e9a2c0;
L_0x55fe60e95910 .part L_0x55fe60e95c70, 4, 4;
L_0x55fe60e959b0 .part L_0x55fe60e95c70, 0, 4;
L_0x55fe60e95aa0 .concat [ 4 4 0 0], L_0x55fe60e9a2c0, L_0x55fe60e9a140;
L_0x55fe60e95b40 .concat [ 4 4 0 0], L_0x55fe60e9a140, L_0x55fe60e9a2c0;
L_0x55fe60e95c70 .functor MUXZ 8, L_0x55fe60e95b40, L_0x55fe60e95aa0, L_0x55fe60e949b0, C4<>;
S_0x55fe60e8a1c0 .scope generate, "step3_temp3_lo[1]" "step3_temp3_lo[1]" 8 22, 8 22 0, S_0x55fe60e81a70;
 .timescale -9 -9;
P_0x55fe60e8a3c0 .param/l "lo" 1 8 22, +C4<01>;
S_0x55fe60e8a4a0 .scope module, "max_min_x" "max_min" 8 25, 6 2 0, S_0x55fe60e8a1c0;
 .timescale -9 -9;
    .port_info 0 /INPUT 4 "a";
    .port_info 1 /INPUT 4 "b";
    .port_info 2 /OUTPUT 4 "max";
    .port_info 3 /OUTPUT 4 "min";
P_0x55fe60e8a680 .param/l "width" 0 6 3, +C4<00000000000000000000000000000100>;
v0x55fe60e8a7c0_0 .net *"_ivl_5", 7 0, L_0x55fe60e96070;  1 drivers
v0x55fe60e8a8c0_0 .net *"_ivl_7", 7 0, L_0x55fe60e96110;  1 drivers
v0x55fe60e8a9a0_0 .net *"_ivl_9", 7 0, L_0x55fe60e962d0;  1 drivers
v0x55fe60e8aa90_0 .net "a", 3 0, L_0x55fe60e9a200;  alias, 1 drivers
v0x55fe60e8ab70_0 .net "b", 3 0, L_0x55fe60e9a690;  alias, 1 drivers
v0x55fe60e8aca0_0 .net "big", 0 0, L_0x55fe60e95da0;  1 drivers
v0x55fe60e8ad60_0 .net "max", 3 0, L_0x55fe60e95ee0;  alias, 1 drivers
v0x55fe60e8ae20_0 .net "min", 3 0, L_0x55fe60e95f80;  alias, 1 drivers
L_0x55fe60e95da0 .cmp/ge 4, L_0x55fe60e9a200, L_0x55fe60e9a690;
L_0x55fe60e95ee0 .part L_0x55fe60e962d0, 4, 4;
L_0x55fe60e95f80 .part L_0x55fe60e962d0, 0, 4;
L_0x55fe60e96070 .concat [ 4 4 0 0], L_0x55fe60e9a690, L_0x55fe60e9a200;
L_0x55fe60e96110 .concat [ 4 4 0 0], L_0x55fe60e9a200, L_0x55fe60e9a690;
L_0x55fe60e962d0 .functor MUXZ 8, L_0x55fe60e96110, L_0x55fe60e96070, L_0x55fe60e95da0, C4<>;
S_0x55fe60e8af80 .scope generate, "step3_temp3_lo[2]" "step3_temp3_lo[2]" 8 22, 8 22 0, S_0x55fe60e81a70;
 .timescale -9 -9;
P_0x55fe60e8b180 .param/l "lo" 1 8 22, +C4<010>;
S_0x55fe60e8b260 .scope module, "max_min_x" "max_min" 8 25, 6 2 0, S_0x55fe60e8af80;
 .timescale -9 -9;
    .port_info 0 /INPUT 4 "a";
    .port_info 1 /INPUT 4 "b";
    .port_info 2 /OUTPUT 4 "max";
    .port_info 3 /OUTPUT 4 "min";
P_0x55fe60e8b440 .param/l "width" 0 6 3, +C4<00000000000000000000000000000100>;
v0x55fe60e8b580_0 .net *"_ivl_5", 7 0, L_0x55fe60e966d0;  1 drivers
v0x55fe60e8b680_0 .net *"_ivl_7", 7 0, L_0x55fe60e96770;  1 drivers
v0x55fe60e8b760_0 .net *"_ivl_9", 7 0, L_0x55fe60e96930;  1 drivers
v0x55fe60e8b850_0 .net "a", 3 0, L_0x55fe60e9a3e0;  alias, 1 drivers
v0x55fe60e8b930_0 .net "b", 3 0, L_0x55fe60e9a840;  alias, 1 drivers
v0x55fe60e8ba60_0 .net "big", 0 0, L_0x55fe60e96400;  1 drivers
v0x55fe60e8bb20_0 .net "max", 3 0, L_0x55fe60e96540;  alias, 1 drivers
v0x55fe60e8bbe0_0 .net "min", 3 0, L_0x55fe60e965e0;  alias, 1 drivers
L_0x55fe60e96400 .cmp/ge 4, L_0x55fe60e9a3e0, L_0x55fe60e9a840;
L_0x55fe60e96540 .part L_0x55fe60e96930, 4, 4;
L_0x55fe60e965e0 .part L_0x55fe60e96930, 0, 4;
L_0x55fe60e966d0 .concat [ 4 4 0 0], L_0x55fe60e9a840, L_0x55fe60e9a3e0;
L_0x55fe60e96770 .concat [ 4 4 0 0], L_0x55fe60e9a3e0, L_0x55fe60e9a840;
L_0x55fe60e96930 .functor MUXZ 8, L_0x55fe60e96770, L_0x55fe60e966d0, L_0x55fe60e96400, C4<>;
S_0x55fe60e8bd40 .scope generate, "step3_temp3_lo[3]" "step3_temp3_lo[3]" 8 22, 8 22 0, S_0x55fe60e81a70;
 .timescale -9 -9;
P_0x55fe60e8bf40 .param/l "lo" 1 8 22, +C4<011>;
S_0x55fe60e8c020 .scope module, "max_min_x" "max_min" 8 25, 6 2 0, S_0x55fe60e8bd40;
 .timescale -9 -9;
    .port_info 0 /INPUT 4 "a";
    .port_info 1 /INPUT 4 "b";
    .port_info 2 /OUTPUT 4 "max";
    .port_info 3 /OUTPUT 4 "min";
P_0x55fe60e8c200 .param/l "width" 0 6 3, +C4<00000000000000000000000000000100>;
v0x55fe60e8c340_0 .net *"_ivl_5", 7 0, L_0x55fe60e96d30;  1 drivers
v0x55fe60e8c440_0 .net *"_ivl_7", 7 0, L_0x55fe60e96dd0;  1 drivers
v0x55fe60e8c520_0 .net *"_ivl_9", 7 0, L_0x55fe60e96f90;  1 drivers
v0x55fe60e8c610_0 .net "a", 3 0, L_0x55fe60e9a4a0;  alias, 1 drivers
v0x55fe60e8c6f0_0 .net "b", 3 0, L_0x55fe60e9a900;  alias, 1 drivers
v0x55fe60e8c820_0 .net "big", 0 0, L_0x55fe60e96a60;  1 drivers
v0x55fe60e8c8e0_0 .net "max", 3 0, L_0x55fe60e96ba0;  alias, 1 drivers
v0x55fe60e8c9a0_0 .net "min", 3 0, L_0x55fe60e96c40;  alias, 1 drivers
L_0x55fe60e96a60 .cmp/ge 4, L_0x55fe60e9a4a0, L_0x55fe60e9a900;
L_0x55fe60e96ba0 .part L_0x55fe60e96f90, 4, 4;
L_0x55fe60e96c40 .part L_0x55fe60e96f90, 0, 4;
L_0x55fe60e96d30 .concat [ 4 4 0 0], L_0x55fe60e9a900, L_0x55fe60e9a4a0;
L_0x55fe60e96dd0 .concat [ 4 4 0 0], L_0x55fe60e9a4a0, L_0x55fe60e9a900;
L_0x55fe60e96f90 .functor MUXZ 8, L_0x55fe60e96dd0, L_0x55fe60e96d30, L_0x55fe60e96a60, C4<>;
    .scope S_0x55fe60e74eb0;
T_0 ;
    %wait E_0x55fe60ded200;
    %load/vec4 v0x55fe60e791d0_0;
    %flag_set/vec4 8;
    %jmp/0xz  T_0.0, 8;
    %fork t_1, S_0x55fe60e75360;
    %jmp t_0;
    .scope S_0x55fe60e75360;
t_1 ;
    %pushi/vec4 0, 0, 32;
    %store/vec4 v0x55fe60e5c440_0, 0, 32;
T_0.2 ;
    %load/vec4 v0x55fe60e5c440_0;
    %cmpi/s 8, 0, 32;
    %jmp/0xz T_0.3, 5;
    %pushi/vec4 0, 0, 4;
    %ix/getv/s 3, v0x55fe60e5c440_0;
    %ix/load 4, 0, 0; Constant delay
    %assign/vec4/a/d v0x55fe60e792a0, 0, 4;
    ; show_stmt_assign_vector: Get l-value for compressed += operand
    %load/vec4 v0x55fe60e5c440_0;
    %pushi/vec4 1, 0, 32;
    %add;
    %cast2;
    %store/vec4 v0x55fe60e5c440_0, 0, 32;
    %jmp T_0.2;
T_0.3 ;
    %end;
    .scope S_0x55fe60e74eb0;
t_0 %join;
    %jmp T_0.1;
T_0.0 ;
    %fork t_3, S_0x55fe60e755c0;
    %jmp t_2;
    .scope S_0x55fe60e755c0;
t_3 ;
    %pushi/vec4 0, 0, 32;
    %store/vec4 v0x55fe60e422e0_0, 0, 32;
T_0.4 ;
    %load/vec4 v0x55fe60e422e0_0;
    %cmpi/s 8, 0, 32;
    %jmp/0xz T_0.5, 5;
    %ix/getv/s 4, v0x55fe60e422e0_0;
    %load/vec4a v0x55fe60e793b0, 4;
    %ix/getv/s 3, v0x55fe60e422e0_0;
    %ix/load 4, 0, 0; Constant delay
    %assign/vec4/a/d v0x55fe60e792a0, 0, 4;
    ; show_stmt_assign_vector: Get l-value for compressed += operand
    %load/vec4 v0x55fe60e422e0_0;
    %pushi/vec4 1, 0, 32;
    %add;
    %cast2;
    %store/vec4 v0x55fe60e422e0_0, 0, 32;
    %jmp T_0.4;
T_0.5 ;
    %end;
    .scope S_0x55fe60e74eb0;
t_2 %join;
T_0.1 ;
    %jmp T_0;
    .thread T_0;
    .scope S_0x55fe60e79690;
T_1 ;
    %wait E_0x55fe60ded200;
    %load/vec4 v0x55fe60e81280_0;
    %flag_set/vec4 8;
    %jmp/0xz  T_1.0, 8;
    %fork t_5, S_0x55fe60e79b60;
    %jmp t_4;
    .scope S_0x55fe60e79b60;
t_5 ;
    %pushi/vec4 0, 0, 32;
    %store/vec4 v0x55fe60e79d40_0, 0, 32;
T_1.2 ;
    %load/vec4 v0x55fe60e79d40_0;
    %cmpi/s 8, 0, 32;
    %jmp/0xz T_1.3, 5;
    %pushi/vec4 0, 0, 4;
    %ix/getv/s 3, v0x55fe60e79d40_0;
    %ix/load 4, 0, 0; Constant delay
    %assign/vec4/a/d v0x55fe60e81380, 0, 4;
    ; show_stmt_assign_vector: Get l-value for compressed += operand
    %load/vec4 v0x55fe60e79d40_0;
    %pushi/vec4 1, 0, 32;
    %add;
    %cast2;
    %store/vec4 v0x55fe60e79d40_0, 0, 32;
    %jmp T_1.2;
T_1.3 ;
    %end;
    .scope S_0x55fe60e79690;
t_4 %join;
    %jmp T_1.1;
T_1.0 ;
    %fork t_7, S_0x55fe60e79de0;
    %jmp t_6;
    .scope S_0x55fe60e79de0;
t_7 ;
    %pushi/vec4 0, 0, 32;
    %store/vec4 v0x55fe60e79fe0_0, 0, 32;
T_1.4 ;
    %load/vec4 v0x55fe60e79fe0_0;
    %cmpi/s 8, 0, 32;
    %jmp/0xz T_1.5, 5;
    %ix/getv/s 4, v0x55fe60e79fe0_0;
    %load/vec4a v0x55fe60e81470, 4;
    %ix/getv/s 3, v0x55fe60e79fe0_0;
    %ix/load 4, 0, 0; Constant delay
    %assign/vec4/a/d v0x55fe60e81380, 0, 4;
    ; show_stmt_assign_vector: Get l-value for compressed += operand
    %load/vec4 v0x55fe60e79fe0_0;
    %pushi/vec4 1, 0, 32;
    %add;
    %cast2;
    %store/vec4 v0x55fe60e79fe0_0, 0, 32;
    %jmp T_1.4;
T_1.5 ;
    %end;
    .scope S_0x55fe60e79690;
t_6 %join;
T_1.1 ;
    %jmp T_1;
    .thread T_1;
    .scope S_0x55fe60e81a70;
T_2 ;
    %wait E_0x55fe60ded200;
    %load/vec4 v0x55fe60e8ce40_0;
    %flag_set/vec4 8;
    %jmp/0xz  T_2.0, 8;
    %fork t_9, S_0x55fe60e81ff0;
    %jmp t_8;
    .scope S_0x55fe60e81ff0;
t_9 ;
    %pushi/vec4 0, 0, 32;
    %store/vec4 v0x55fe60e821d0_0, 0, 32;
T_2.2 ;
    %load/vec4 v0x55fe60e821d0_0;
    %cmpi/s 8, 0, 32;
    %jmp/0xz T_2.3, 5;
    %pushi/vec4 0, 0, 4;
    %ix/getv/s 3, v0x55fe60e821d0_0;
    %ix/load 4, 0, 0; Constant delay
    %assign/vec4/a/d v0x55fe60e8cf60, 0, 4;
    ; show_stmt_assign_vector: Get l-value for compressed += operand
    %load/vec4 v0x55fe60e821d0_0;
    %pushi/vec4 1, 0, 32;
    %add;
    %cast2;
    %store/vec4 v0x55fe60e821d0_0, 0, 32;
    %jmp T_2.2;
T_2.3 ;
    %end;
    .scope S_0x55fe60e81a70;
t_8 %join;
    %jmp T_2.1;
T_2.0 ;
    %fork t_11, S_0x55fe60e82290;
    %jmp t_10;
    .scope S_0x55fe60e82290;
t_11 ;
    %pushi/vec4 0, 0, 32;
    %store/vec4 v0x55fe60e82490_0, 0, 32;
T_2.4 ;
    %load/vec4 v0x55fe60e82490_0;
    %cmpi/s 8, 0, 32;
    %jmp/0xz T_2.5, 5;
    %ix/getv/s 4, v0x55fe60e82490_0;
    %load/vec4a v0x55fe60e8d050, 4;
    %ix/getv/s 3, v0x55fe60e82490_0;
    %ix/load 4, 0, 0; Constant delay
    %assign/vec4/a/d v0x55fe60e8cf60, 0, 4;
    ; show_stmt_assign_vector: Get l-value for compressed += operand
    %load/vec4 v0x55fe60e82490_0;
    %pushi/vec4 1, 0, 32;
    %add;
    %cast2;
    %store/vec4 v0x55fe60e82490_0, 0, 32;
    %jmp T_2.4;
T_2.5 ;
    %end;
    .scope S_0x55fe60e81a70;
t_10 %join;
T_2.1 ;
    %jmp T_2;
    .thread T_2;
    .scope S_0x55fe60e74630;
T_3 ;
    %wait E_0x55fe60ded200;
    %load/vec4 v0x55fe60e8e150_0;
    %flag_set/vec4 8;
    %jmp/0xz  T_3.0, 8;
    %fork t_13, S_0x55fe60e74a30;
    %jmp t_12;
    .scope S_0x55fe60e74a30;
t_13 ;
    %pushi/vec4 0, 0, 32;
    %store/vec4 v0x55fe60dba010_0, 0, 32;
T_3.2 ;
    %load/vec4 v0x55fe60dba010_0;
    %cmpi/s 8, 0, 32;
    %jmp/0xz T_3.3, 5;
    %pushi/vec4 0, 0, 4;
    %ix/getv/s 3, v0x55fe60dba010_0;
    %ix/load 4, 0, 0; Constant delay
    %assign/vec4/a/d v0x55fe60e8dc40, 0, 4;
    ; show_stmt_assign_vector: Get l-value for compressed += operand
    %load/vec4 v0x55fe60dba010_0;
    %pushi/vec4 1, 0, 32;
    %add;
    %cast2;
    %store/vec4 v0x55fe60dba010_0, 0, 32;
    %jmp T_3.2;
T_3.3 ;
    %end;
    .scope S_0x55fe60e74630;
t_12 %join;
    %jmp T_3.1;
T_3.0 ;
    %load/vec4 v0x55fe60e8e1f0_0;
    %flag_set/vec4 8;
    %jmp/0xz  T_3.4, 8;
    %fork t_15, S_0x55fe60e74c70;
    %jmp t_14;
    .scope S_0x55fe60e74c70;
t_15 ;
    %pushi/vec4 0, 0, 32;
    %store/vec4 v0x55fe60e5f940_0, 0, 32;
T_3.6 ;
    %load/vec4 v0x55fe60e5f940_0;
    %cmpi/s 8, 0, 32;
    %jmp/0xz T_3.7, 5;
    %ix/getv/s 4, v0x55fe60e5f940_0;
    %load/vec4a v0x55fe60e8da50, 4;
    %ix/getv/s 3, v0x55fe60e5f940_0;
    %ix/load 4, 0, 0; Constant delay
    %assign/vec4/a/d v0x55fe60e8dc40, 0, 4;
    ; show_stmt_assign_vector: Get l-value for compressed += operand
    %load/vec4 v0x55fe60e5f940_0;
    %pushi/vec4 1, 0, 32;
    %add;
    %cast2;
    %store/vec4 v0x55fe60e5f940_0, 0, 32;
    %jmp T_3.6;
T_3.7 ;
    %end;
    .scope S_0x55fe60e74630;
t_14 %join;
T_3.4 ;
T_3.1 ;
    %jmp T_3;
    .thread T_3;
    .scope S_0x55fe60e36d20;
T_4 ;
    %pushi/vec4 0, 0, 1;
    %store/vec4 v0x55fe60e8e950_0, 0, 1;
    %pushi/vec4 0, 0, 1;
    %store/vec4 v0x55fe60e8eef0_0, 0, 1;
    %delay 5000, 0;
    %pushi/vec4 1, 0, 1;
    %store/vec4 v0x55fe60e8eef0_0, 0, 1;
    %end;
    .thread T_4;
    .scope S_0x55fe60e36d20;
T_5 ;
    %vpi_func 3 20 "$test$plusargs" 32, "25m" {0 0 0};
    %cmpi/ne 0, 0, 32;
    %jmp/0xz  T_5.0, 4;
    %delay 20000, 0;
    %load/vec4 v0x55fe60e8e950_0;
    %inv;
    %assign/vec4 v0x55fe60e8e950_0, 0;
    %jmp T_5.1;
T_5.0 ;
    %vpi_func 3 22 "$test$plusargs" 32, "50m" {0 0 0};
    %cmpi/ne 0, 0, 32;
    %jmp/0xz  T_5.2, 4;
    %delay 10000, 0;
    %load/vec4 v0x55fe60e8e950_0;
    %inv;
    %assign/vec4 v0x55fe60e8e950_0, 0;
    %jmp T_5.3;
T_5.2 ;
    %vpi_func 3 24 "$test$plusargs" 32, "100m" {0 0 0};
    %cmpi/ne 0, 0, 32;
    %jmp/0xz  T_5.4, 4;
    %delay 5000, 0;
    %load/vec4 v0x55fe60e8e950_0;
    %inv;
    %assign/vec4 v0x55fe60e8e950_0, 0;
    %jmp T_5.5;
T_5.4 ;
    %vpi_func 3 26 "$test$plusargs" 32, "200m" {0 0 0};
    %cmpi/ne 0, 0, 32;
    %jmp/0xz  T_5.6, 4;
    %delay 2500, 0;
    %load/vec4 v0x55fe60e8e950_0;
    %inv;
    %assign/vec4 v0x55fe60e8e950_0, 0;
    %jmp T_5.7;
T_5.6 ;
    %delay 2500, 0;
    %load/vec4 v0x55fe60e8e950_0;
    %inv;
    %assign/vec4 v0x55fe60e8e950_0, 0;
T_5.7 ;
T_5.5 ;
T_5.3 ;
T_5.1 ;
    %jmp T_5;
    .thread T_5;
    .scope S_0x55fe60e36d20;
T_6 ;
    %vpi_call/w 3 35 "$dumpfile", "tb.vcd" {0 0 0};
    %vpi_call/w 3 36 "$dumpvars", 32'sb00000000000000000000000000000000, S_0x55fe60e36d20 {0 0 0};
    %end;
    .thread T_6;
    .scope S_0x55fe60e36d20;
T_7 ;
    %vpi_call/w 3 53 "$readmemh", "indata.txt", v0x55fe60e8eaa0 {0 0 0};
    %fork t_17, S_0x55fe60e38d00;
    %jmp t_16;
    .scope S_0x55fe60e38d00;
t_17 ;
    %pushi/vec4 0, 0, 32;
    %store/vec4 v0x55fe60e03820_0, 0, 32;
T_7.0 ;
    %load/vec4 v0x55fe60e03820_0;
    %cmpi/s 8, 0, 32;
    %jmp/0xz T_7.1, 5;
    %vpi_call/w 3 55 "$write", "%h ", &A<v0x55fe60e8eaa0, v0x55fe60e03820_0 > {0 0 0};
    ; show_stmt_assign_vector: Get l-value for compressed += operand
    %load/vec4 v0x55fe60e03820_0;
    %pushi/vec4 1, 0, 32;
    %add;
    %cast2;
    %store/vec4 v0x55fe60e03820_0, 0, 32;
    %jmp T_7.0;
T_7.1 ;
    %end;
    .scope S_0x55fe60e36d20;
t_16 %join;
    %vpi_call/w 3 57 "$display", "\012" {0 0 0};
    %pushi/vec4 1, 0, 1;
    %assign/vec4 v0x55fe60e8efe0_0, 0;
    %end;
    .thread T_7;
    .scope S_0x55fe60e36d20;
T_8 ;
    %delay 200000, 0;
    %fork t_19, S_0x55fe60e743f0;
    %jmp t_18;
    .scope S_0x55fe60e743f0;
t_19 ;
    %pushi/vec4 0, 0, 32;
    %store/vec4 v0x55fe60e03990_0, 0, 32;
T_8.0 ;
    %load/vec4 v0x55fe60e03990_0;
    %cmpi/s 8, 0, 32;
    %jmp/0xz T_8.1, 5;
    %vpi_call/w 3 83 "$display", "%h", &A<v0x55fe60e8ec60, v0x55fe60e03990_0 > {0 0 0};
    ; show_stmt_assign_vector: Get l-value for compressed += operand
    %load/vec4 v0x55fe60e03990_0;
    %pushi/vec4 1, 0, 32;
    %add;
    %cast2;
    %store/vec4 v0x55fe60e03990_0, 0, 32;
    %jmp T_8.0;
T_8.1 ;
    %end;
    .scope S_0x55fe60e36d20;
t_18 %join;
    %vpi_call/w 3 85 "$finish" {0 0 0};
    %end;
    .thread T_8;
# The file index is used to find the file name in the following table.
:file_names 9;
    "N/A";
    "<interactive>";
    "-";
    "./vsrc/tb.v";
    "./vsrc/ht.v";
    "./vsrc/step1.v";
    "./vsrc/max_min.v";
    "./vsrc/step2.v";
    "./vsrc/step3.v";
